Using pre-set license
Built from '2020.3/staging' branch; Version is '2020.3.25f1 (9b9180224418) revision 10195328'; Using compiler version '192528614'; Build Type 'Release'
OS: 'Windows 10  (10.0.19042) 64bit Professional' Language: 'ko' Physical Memory: 16321 MB
BatchMode: 1, IsHumanControllingUs: 0, StartBugReporterOnCrash: 0, Is64bit: 1, IsPro: 0

COMMAND LINE ARGUMENTS:
C:\Program Files\Unity\Hub\Editor\2020.3.25f1\Editor\Unity.exe
-adb2
-batchMode
-noUpm
-name
AssetImportWorker0
-projectPath
C:/LeeDokyeong Unity/New Unity Project
-logFile
Logs/AssetImportWorker0.log
-srvPort
2406
Successfully changed project path to: C:/LeeDokyeong Unity/New Unity Project
C:/LeeDokyeong Unity/New Unity Project
Using Asset Import Pipeline V2.
Refreshing native plugins compatible for Editor in 51.09 ms, found 2 plugins.
Preloading 0 native plugins for Editor in 0.00 ms.
Initialize engine version: 2020.3.25f1 (9b9180224418)
[Subsystems] Discovering subsystems at path C:/Program Files/Unity/Hub/Editor/2020.3.25f1/Editor/Data/Resources/UnitySubsystems
[Subsystems] Discovering subsystems at path C:/LeeDokyeong Unity/New Unity Project/Assets
GfxDevice: creating device client; threaded=0
Direct3D:
    Version:  Direct3D 11.0 [level 11.1]
    Renderer: NVIDIA GeForce GTX 1070 Ti (ID=0x1b82)
    Vendor:   
    VRAM:     8079 MB
    Driver:   27.21.14.5671
Initialize mono
Mono path[0] = 'C:/Program Files/Unity/Hub/Editor/2020.3.25f1/Editor/Data/Managed'
Mono path[1] = 'C:/Program Files/Unity/Hub/Editor/2020.3.25f1/Editor/Data/MonoBleedingEdge/lib/mono/unityjit'
Mono config path = 'C:/Program Files/Unity/Hub/Editor/2020.3.25f1/Editor/Data/MonoBleedingEdge/etc'
Using monoOptions --debugger-agent=transport=dt_socket,embedding=1,server=y,suspend=n,address=127.0.0.1:56384
Begin MonoManager ReloadAssembly
Registering precompiled unity dll's ...
Register platform support module: C:/Program Files/Unity/Hub/Editor/2020.3.25f1/Editor/Data/PlaybackEngines/WindowsStandaloneSupport/UnityEditor.WindowsStandalone.Extensions.dll
Registered in 0.005981 seconds.
Native extension for WindowsStandalone target not found
Refreshing native plugins compatible for Editor in 42.72 ms, found 2 plugins.
Preloading 0 native plugins for Editor in 0.00 ms.
Mono: successfully reloaded assembly
- Completed reload, in  0.869 seconds
Domain Reload Profiling:
	ReloadAssembly (869ms)
		BeginReloadAssembly (131ms)
			ExecutionOrderSort (0ms)
			DisableScriptedObjects (0ms)
			BackupInstance (0ms)
			ReleaseScriptingObjects (0ms)
			CreateAndSetChildDomain (1ms)
		EndReloadAssembly (620ms)
			LoadAssemblies (124ms)
			RebuildTransferFunctionScriptingTraits (0ms)
			SetupTypeCache (209ms)
			ReleaseScriptCaches (0ms)
			RebuildScriptCaches (43ms)
			SetupLoadedEditorAssemblies (210ms)
				LogAssemblyErrors (0ms)
				InitializePlatformSupportModulesInManaged (7ms)
				SetLoadedEditorAssemblies (0ms)
				RefreshPlugins (43ms)
				BeforeProcessingInitializeOnLoad (11ms)
				ProcessInitializeOnLoadAttributes (112ms)
				ProcessInitializeOnLoadMethodAttributes (36ms)
				AfterProcessingInitializeOnLoad (0ms)
				EditorAssembliesLoaded (0ms)
			ExecutionOrderSort2 (0ms)
			AwakeInstancesAfterBackupRestoration (0ms)
Platform modules already initialized, skipping
Registering precompiled user dll's ...
Registered in 0.014401 seconds.
Begin MonoManager ReloadAssembly
Native extension for WindowsStandalone target not found
Refreshing native plugins compatible for Editor in 0.61 ms, found 2 plugins.
Preloading 0 native plugins for Editor in 0.00 ms.
Mono: successfully reloaded assembly
- Completed reload, in  1.570 seconds
Domain Reload Profiling:
	ReloadAssembly (1571ms)
		BeginReloadAssembly (246ms)
			ExecutionOrderSort (0ms)
			DisableScriptedObjects (6ms)
			BackupInstance (0ms)
			ReleaseScriptingObjects (0ms)
			CreateAndSetChildDomain (24ms)
		EndReloadAssembly (1206ms)
			LoadAssemblies (179ms)
			RebuildTransferFunctionScriptingTraits (0ms)
			SetupTypeCache (442ms)
			ReleaseScriptCaches (1ms)
			RebuildScriptCaches (60ms)
			SetupLoadedEditorAssemblies (411ms)
				LogAssemblyErrors (0ms)
				InitializePlatformSupportModulesInManaged (7ms)
				SetLoadedEditorAssemblies (1ms)
				RefreshPlugins (1ms)
				BeforeProcessingInitializeOnLoad (85ms)
				ProcessInitializeOnLoadAttributes (283ms)
				ProcessInitializeOnLoadMethodAttributes (14ms)
				AfterProcessingInitializeOnLoad (20ms)
				EditorAssembliesLoaded (0ms)
			ExecutionOrderSort2 (0ms)
			AwakeInstancesAfterBackupRestoration (8ms)
Platform modules already initialized, skipping
========================================================================
Worker process is ready to serve import requests
Launched and connected shader compiler UnityShaderCompiler.exe after 0.07 seconds
Refreshing native plugins compatible for Editor in 0.59 ms, found 2 plugins.
Preloading 0 native plugins for Editor in 0.00 ms.
Unloading 1503 Unused Serialized files (Serialized files now loaded: 0)
System memory in use before: 67.9 MB.
System memory in use after: 68.0 MB.

Unloading 19 unused Assets to reduce memory usage. Loaded Objects now: 1937.
Total: 4.435600 ms (FindLiveObjects: 0.303900 ms CreateObjectMapping: 0.164300 ms MarkObjects: 3.864400 ms  DeleteObjects: 0.100800 ms)

AssetImportParameters requested are different than current active one (requested -> active):
  custom:framework-win-MediaFoundation: 216162199b28c13a410421893ffa2e32 -> 
  custom:video-decoder-ogg-theora: a1e56fd34408186e4bbccfd4996cb3dc -> 
  custom:container-muxer-webm: aa71ff27fc2769a1b78a27578f13a17b -> 
  custom:container-demuxer-webm: 4f35f7cbe854078d1ac9338744f61a02 -> 
  custom:container-demuxer-ogg: 62fdf1f143b41e24485cea50d1cbac27 -> 
  custom:video-encoder-webm-vp8: eb34c28f22e8b96e1ab97ce403110664 -> 
  custom:video-decoder-webm-vp8: 9c59270c3fd7afecdb556c50c9e8de78 -> 
  custom:audio-decoder-ogg-vorbis: bf7c407c2cedff20999df2af8eb42d56 -> 
  custom:audio-encoder-webm-vorbis: bf7c407c2cedff20999df2af8eb42d56 -> 
========================================================================
Received Import Request.
  path: Assets/02.Script/CubeMove.cs
  artifactKey: Guid(70828f3383177d24d9dd07ea9ab370c8) Importer(815301076,1909f56bfc062723c751e8b465ee728b)
Start importing Assets/02.Script/CubeMove.cs using Guid(70828f3383177d24d9dd07ea9ab370c8) Importer(815301076,1909f56bfc062723c751e8b465ee728b)  -> (artifact id: '59e5b0484deb627c05f9d187d3f51b4b') in 0.055984 seconds 
  Import took 0.059185 seconds .

========================================================================
Received Prepare
Registering precompiled user dll's ...
Registered in 0.012627 seconds.
Begin MonoManager ReloadAssembly
Native extension for WindowsStandalone target not found
Refreshing native plugins compatible for Editor in 0.74 ms, found 2 plugins.
Preloading 0 native plugins for Editor in 0.00 ms.
Mono: successfully reloaded assembly
- Completed reload, in  1.542 seconds
Domain Reload Profiling:
	ReloadAssembly (1542ms)
		BeginReloadAssembly (201ms)
			ExecutionOrderSort (0ms)
			DisableScriptedObjects (7ms)
			BackupInstance (0ms)
			ReleaseScriptingObjects (0ms)
			CreateAndSetChildDomain (41ms)
		EndReloadAssembly (1228ms)
			LoadAssemblies (182ms)
			RebuildTransferFunctionScriptingTraits (0ms)
			SetupTypeCache (442ms)
			ReleaseScriptCaches (1ms)
			RebuildScriptCaches (59ms)
			SetupLoadedEditorAssemblies (436ms)
				LogAssemblyErrors (0ms)
				InitializePlatformSupportModulesInManaged (8ms)
				SetLoadedEditorAssemblies (1ms)
				RefreshPlugins (1ms)
				BeforeProcessingInitializeOnLoad (93ms)
				ProcessInitializeOnLoadAttributes (294ms)
				ProcessInitializeOnLoadMethodAttributes (16ms)
				AfterProcessingInitializeOnLoad (22ms)
				EditorAssembliesLoaded (0ms)
			ExecutionOrderSort2 (0ms)
			AwakeInstancesAfterBackupRestoration (10ms)
Platform modules already initialized, skipping
Refreshing native plugins compatible for Editor in 0.44 ms, found 2 plugins.
Preloading 0 native plugins for Editor in 0.00 ms.
Unloading 1497 Unused Serialized files (Serialized files now loaded: 0)
System memory in use before: 67.8 MB.
System memory in use after: 67.9 MB.

Unloading 14 unused Assets to reduce memory usage. Loaded Objects now: 1939.
Total: 3.299300 ms (FindLiveObjects: 0.241400 ms CreateObjectMapping: 0.123700 ms MarkObjects: 2.915800 ms  DeleteObjects: 0.016900 ms)

AssetImportParameters requested are different than current active one (requested -> active):
  custom:framework-win-MediaFoundation: 216162199b28c13a410421893ffa2e32 -> 
  custom:video-decoder-ogg-theora: a1e56fd34408186e4bbccfd4996cb3dc -> 
  custom:container-muxer-webm: aa71ff27fc2769a1b78a27578f13a17b -> 
  custom:container-demuxer-webm: 4f35f7cbe854078d1ac9338744f61a02 -> 
  custom:container-demuxer-ogg: 62fdf1f143b41e24485cea50d1cbac27 -> 
  custom:video-encoder-webm-vp8: eb34c28f22e8b96e1ab97ce403110664 -> 
  custom:video-decoder-webm-vp8: 9c59270c3fd7afecdb556c50c9e8de78 -> 
  custom:audio-decoder-ogg-vorbis: bf7c407c2cedff20999df2af8eb42d56 -> 
  custom:audio-encoder-webm-vorbis: bf7c407c2cedff20999df2af8eb42d56 -> 
========================================================================
Received Prepare
Registering precompiled user dll's ...
Registered in 0.011159 seconds.
Begin MonoManager ReloadAssembly
Native extension for WindowsStandalone target not found
Refreshing native plugins compatible for Editor in 0.45 ms, found 2 plugins.
Preloading 0 native plugins for Editor in 0.00 ms.
Mono: successfully reloaded assembly
- Completed reload, in  1.356 seconds
Domain Reload Profiling:
	ReloadAssembly (1356ms)
		BeginReloadAssembly (183ms)
			ExecutionOrderSort (0ms)
			DisableScriptedObjects (6ms)
			BackupInstance (0ms)
			ReleaseScriptingObjects (0ms)
			CreateAndSetChildDomain (43ms)
		EndReloadAssembly (1069ms)
			LoadAssemblies (163ms)
			RebuildTransferFunctionScriptingTraits (0ms)
			SetupTypeCache (396ms)
			ReleaseScriptCaches (1ms)
			RebuildScriptCaches (49ms)
			SetupLoadedEditorAssemblies (369ms)
				LogAssemblyErrors (0ms)
				InitializePlatformSupportModulesInManaged (6ms)
				SetLoadedEditorAssemblies (1ms)
				RefreshPlugins (1ms)
				BeforeProcessingInitializeOnLoad (81ms)
				ProcessInitializeOnLoadAttributes (249ms)
				ProcessInitializeOnLoadMethodAttributes (12ms)
				AfterProcessingInitializeOnLoad (19ms)
				EditorAssembliesLoaded (0ms)
			ExecutionOrderSort2 (0ms)
			AwakeInstancesAfterBackupRestoration (8ms)
Platform modules already initialized, skipping
Refreshing native plugins compatible for Editor in 0.41 ms, found 2 plugins.
Preloading 0 native plugins for Editor in 0.00 ms.
Unloading 1497 Unused Serialized files (Serialized files now loaded: 0)
System memory in use before: 67.9 MB.
System memory in use after: 68.0 MB.

Unloading 14 unused Assets to reduce memory usage. Loaded Objects now: 1941.
Total: 3.312100 ms (FindLiveObjects: 0.167100 ms CreateObjectMapping: 0.100300 ms MarkObjects: 3.016200 ms  DeleteObjects: 0.027500 ms)

AssetImportParameters requested are different than current active one (requested -> active):
  custom:framework-win-MediaFoundation: 216162199b28c13a410421893ffa2e32 -> 
  custom:video-decoder-ogg-theora: a1e56fd34408186e4bbccfd4996cb3dc -> 
  custom:container-muxer-webm: aa71ff27fc2769a1b78a27578f13a17b -> 
  custom:container-demuxer-webm: 4f35f7cbe854078d1ac9338744f61a02 -> 
  custom:container-demuxer-ogg: 62fdf1f143b41e24485cea50d1cbac27 -> 
  custom:video-encoder-webm-vp8: eb34c28f22e8b96e1ab97ce403110664 -> 
  custom:video-decoder-webm-vp8: 9c59270c3fd7afecdb556c50c9e8de78 -> 
  custom:audio-decoder-ogg-vorbis: bf7c407c2cedff20999df2af8eb42d56 -> 
  custom:audio-encoder-webm-vorbis: bf7c407c2cedff20999df2af8eb42d56 -> 
========================================================================
Received Prepare
Registering precompiled user dll's ...
Registered in 0.011371 seconds.
Begin MonoManager ReloadAssembly
Native extension for WindowsStandalone target not found
Refreshing native plugins compatible for Editor in 0.42 ms, found 2 plugins.
Preloading 0 native plugins for Editor in 0.00 ms.
Mono: successfully reloaded assembly
- Completed reload, in  1.400 seconds
Domain Reload Profiling:
	ReloadAssembly (1401ms)
		BeginReloadAssembly (178ms)
			ExecutionOrderSort (0ms)
			DisableScriptedObjects (9ms)
			BackupInstance (0ms)
			ReleaseScriptingObjects (0ms)
			CreateAndSetChildDomain (37ms)
		EndReloadAssembly (1123ms)
			LoadAssemblies (174ms)
			RebuildTransferFunctionScriptingTraits (0ms)
			SetupTypeCache (424ms)
			ReleaseScriptCaches (1ms)
			RebuildScriptCaches (48ms)
			SetupLoadedEditorAssemblies (385ms)
				LogAssemblyErrors (0ms)
				InitializePlatformSupportModulesInManaged (7ms)
				SetLoadedEditorAssemblies (1ms)
				RefreshPlugins (1ms)
				BeforeProcessingInitializeOnLoad (78ms)
				ProcessInitializeOnLoadAttributes (265ms)
				ProcessInitializeOnLoadMethodAttributes (14ms)
				AfterProcessingInitializeOnLoad (19ms)
				EditorAssembliesLoaded (0ms)
			ExecutionOrderSort2 (0ms)
			AwakeInstancesAfterBackupRestoration (8ms)
Platform modules already initialized, skipping
Refreshing native plugins compatible for Editor in 0.43 ms, found 2 plugins.
Preloading 0 native plugins for Editor in 0.00 ms.
Unloading 1497 Unused Serialized files (Serialized files now loaded: 0)
System memory in use before: 67.9 MB.
System memory in use after: 68.0 MB.

Unloading 14 unused Assets to reduce memory usage. Loaded Objects now: 1943.
Total: 3.136700 ms (FindLiveObjects: 0.169800 ms CreateObjectMapping: 0.114600 ms MarkObjects: 2.823200 ms  DeleteObjects: 0.027500 ms)

AssetImportParameters requested are different than current active one (requested -> active):
  custom:framework-win-MediaFoundation: 216162199b28c13a410421893ffa2e32 -> 
  custom:video-decoder-ogg-theora: a1e56fd34408186e4bbccfd4996cb3dc -> 
  custom:container-muxer-webm: aa71ff27fc2769a1b78a27578f13a17b -> 
  custom:container-demuxer-webm: 4f35f7cbe854078d1ac9338744f61a02 -> 
  custom:container-demuxer-ogg: 62fdf1f143b41e24485cea50d1cbac27 -> 
  custom:video-encoder-webm-vp8: eb34c28f22e8b96e1ab97ce403110664 -> 
  custom:video-decoder-webm-vp8: 9c59270c3fd7afecdb556c50c9e8de78 -> 
  custom:audio-decoder-ogg-vorbis: bf7c407c2cedff20999df2af8eb42d56 -> 
  custom:audio-encoder-webm-vorbis: bf7c407c2cedff20999df2af8eb42d56 -> 
========================================================================
Received Import Request.
  Time since last request: 1517.140728 seconds.
  path: Assets/SkyBox Volume 2/DeepSpaceBlueWithPlanet/frontImage.png
  artifactKey: Guid(5695b2a32243d1e40884ad984dd6423d) Importer(815301076,1909f56bfc062723c751e8b465ee728b)
Start importing Assets/SkyBox Volume 2/DeepSpaceBlueWithPlanet/frontImage.png using Guid(5695b2a32243d1e40884ad984dd6423d) Importer(815301076,1909f56bfc062723c751e8b465ee728b)  -> (artifact id: '56fdbcc27dfa2413c3125505bd43b990') in 0.185128 seconds 
  Import took 0.193435 seconds .

========================================================================
Received Import Request.
  Time since last request: 0.000288 seconds.
  path: Assets/SkyBox Volume 2/DeepSpaceBlueWithPlanet/leftImage.png
  artifactKey: Guid(0373ee03f989db143826ef682bb33f93) Importer(815301076,1909f56bfc062723c751e8b465ee728b)
Start importing Assets/SkyBox Volume 2/DeepSpaceBlueWithPlanet/leftImage.png using Guid(0373ee03f989db143826ef682bb33f93) Importer(815301076,1909f56bfc062723c751e8b465ee728b)  -> (artifact id: 'b3d96596ae8500a6eb9803876cca3656') in 0.025706 seconds 
  Import took 0.028828 seconds .

========================================================================
Received Import Request.
  Time since last request: 0.000309 seconds.
  path: Assets/SkyBox Volume 2/DeepSpaceBlueWithPlanet/downImage.png
  artifactKey: Guid(42f68b6cc6ff3fa47b83a2664bf08ae9) Importer(815301076,1909f56bfc062723c751e8b465ee728b)
Start importing Assets/SkyBox Volume 2/DeepSpaceBlueWithPlanet/downImage.png using Guid(42f68b6cc6ff3fa47b83a2664bf08ae9) Importer(815301076,1909f56bfc062723c751e8b465ee728b)  -> (artifact id: '71f00b3d7ce95da991ddec48e826d72c') in 0.027703 seconds 
  Import took 0.031497 seconds .

========================================================================
Received Import Request.
  Time since last request: 0.000330 seconds.
  path: Assets/SkyBox Volume 2/DeepSpaceBlueWithPlanet/backImage.png
  artifactKey: Guid(04550512a36deb34887e513ee0f31545) Importer(815301076,1909f56bfc062723c751e8b465ee728b)
Start importing Assets/SkyBox Volume 2/DeepSpaceBlueWithPlanet/backImage.png using Guid(04550512a36deb34887e513ee0f31545) Importer(815301076,1909f56bfc062723c751e8b465ee728b)  -> (artifact id: 'd93cbdb874f07b5f8920151a92e8a0e4') in 0.020739 seconds 
  Import took 0.023677 seconds .

========================================================================
Received Import Request.
  Time since last request: 0.000263 seconds.
  path: Assets/SkyBox Volume 2/DeepSpaceBlueWithPlanet/upImage.png
  artifactKey: Guid(5c4046e19400c9f44961b6350406ae65) Importer(815301076,1909f56bfc062723c751e8b465ee728b)
Start importing Assets/SkyBox Volume 2/DeepSpaceBlueWithPlanet/upImage.png using Guid(5c4046e19400c9f44961b6350406ae65) Importer(815301076,1909f56bfc062723c751e8b465ee728b)  -> (artifact id: 'bcd5a58750b1d185317d554856d2cc87') in 0.022746 seconds 
  Import took 0.025620 seconds .

========================================================================
Received Import Request.
  Time since last request: 0.000443 seconds.
  path: Assets/SkyBox Volume 2/DeepSpaceBlueWithPlanet/rightImage.png
  artifactKey: Guid(ba628713edc8c9246ae86c79210da921) Importer(815301076,1909f56bfc062723c751e8b465ee728b)
Start importing Assets/SkyBox Volume 2/DeepSpaceBlueWithPlanet/rightImage.png using Guid(ba628713edc8c9246ae86c79210da921) Importer(815301076,1909f56bfc062723c751e8b465ee728b)  -> (artifact id: '23d69f2de148fd7476eebdc2ff0b68ba') in 0.018764 seconds 
  Import took 0.022172 seconds .

========================================================================
Received Import Request.
  Time since last request: 20.757427 seconds.
  path: Assets/09.meterial
  artifactKey: Guid(aca699cd8c4829f4c8fd2cee120ff216) Importer(815301076,1909f56bfc062723c751e8b465ee728b)
Start importing Assets/09.meterial using Guid(aca699cd8c4829f4c8fd2cee120ff216) Importer(815301076,1909f56bfc062723c751e8b465ee728b)  -> (artifact id: '6e3f9395a393f75f3e9eac9a070331c5') in 0.061182 seconds 
  Import took 0.087011 seconds .

========================================================================
Received Import Request.
  Time since last request: 11.636022 seconds.
  path: Assets/09.material
  artifactKey: Guid(aca699cd8c4829f4c8fd2cee120ff216) Importer(815301076,1909f56bfc062723c751e8b465ee728b)
Start importing Assets/09.material using Guid(aca699cd8c4829f4c8fd2cee120ff216) Importer(815301076,1909f56bfc062723c751e8b465ee728b)  -> (artifact id: '7089a56dec407377c12e99ee18912511') in 0.012069 seconds 
  Import took 0.015810 seconds .

========================================================================
Received Prepare
Registering precompiled user dll's ...
Registered in 0.011230 seconds.
Begin MonoManager ReloadAssembly
Native extension for WindowsStandalone target not found
Refreshing native plugins compatible for Editor in 0.40 ms, found 2 plugins.
Preloading 0 native plugins for Editor in 0.00 ms.
Mono: successfully reloaded assembly
- Completed reload, in  1.429 seconds
Domain Reload Profiling:
	ReloadAssembly (1430ms)
		BeginReloadAssembly (193ms)
			ExecutionOrderSort (0ms)
			DisableScriptedObjects (7ms)
			BackupInstance (0ms)
			ReleaseScriptingObjects (0ms)
			CreateAndSetChildDomain (38ms)
		EndReloadAssembly (1133ms)
			LoadAssemblies (165ms)
			RebuildTransferFunctionScriptingTraits (0ms)
			SetupTypeCache (428ms)
			ReleaseScriptCaches (1ms)
			RebuildScriptCaches (55ms)
			SetupLoadedEditorAssemblies (389ms)
				LogAssemblyErrors (0ms)
				InitializePlatformSupportModulesInManaged (6ms)
				SetLoadedEditorAssemblies (1ms)
				RefreshPlugins (0ms)
				BeforeProcessingInitializeOnLoad (86ms)
				ProcessInitializeOnLoadAttributes (262ms)
				ProcessInitializeOnLoadMethodAttributes (12ms)
				AfterProcessingInitializeOnLoad (21ms)
				EditorAssembliesLoaded (0ms)
			ExecutionOrderSort2 (0ms)
			AwakeInstancesAfterBackupRestoration (11ms)
Platform modules already initialized, skipping
Refreshing native plugins compatible for Editor in 0.40 ms, found 2 plugins.
Preloading 0 native plugins for Editor in 0.00 ms.
Unloading 1497 Unused Serialized files (Serialized files now loaded: 0)
System memory in use before: 68.9 MB.
System memory in use after: 69.0 MB.

Unloading 14 unused Assets to reduce memory usage. Loaded Objects now: 1947.
Total: 2.894800 ms (FindLiveObjects: 0.144600 ms CreateObjectMapping: 0.068200 ms MarkObjects: 2.654900 ms  DeleteObjects: 0.025600 ms)

AssetImportParameters requested are different than current active one (requested -> active):
  custom:framework-win-MediaFoundation: 216162199b28c13a410421893ffa2e32 -> 
  custom:video-decoder-ogg-theora: a1e56fd34408186e4bbccfd4996cb3dc -> 
  custom:container-muxer-webm: aa71ff27fc2769a1b78a27578f13a17b -> 
  custom:container-demuxer-webm: 4f35f7cbe854078d1ac9338744f61a02 -> 
  custom:container-demuxer-ogg: 62fdf1f143b41e24485cea50d1cbac27 -> 
  custom:video-encoder-webm-vp8: eb34c28f22e8b96e1ab97ce403110664 -> 
  custom:video-decoder-webm-vp8: 9c59270c3fd7afecdb556c50c9e8de78 -> 
  custom:audio-decoder-ogg-vorbis: bf7c407c2cedff20999df2af8eb42d56 -> 
  custom:audio-encoder-webm-vorbis: bf7c407c2cedff20999df2af8eb42d56 -> 
========================================================================
Received Prepare
Registering precompiled user dll's ...
Registered in 0.011687 seconds.
Begin MonoManager ReloadAssembly
Native extension for WindowsStandalone target not found
Refreshing native plugins compatible for Editor in 0.40 ms, found 2 plugins.
Preloading 0 native plugins for Editor in 0.00 ms.
Mono: successfully reloaded assembly
- Completed reload, in  1.390 seconds
Domain Reload Profiling:
	ReloadAssembly (1391ms)
		BeginReloadAssembly (203ms)
			ExecutionOrderSort (0ms)
			DisableScriptedObjects (6ms)
			BackupInstance (0ms)
			ReleaseScriptingObjects (0ms)
			CreateAndSetChildDomain (42ms)
		EndReloadAssembly (1091ms)
			LoadAssemblies (174ms)
			RebuildTransferFunctionScriptingTraits (0ms)
			SetupTypeCache (345ms)
			ReleaseScriptCaches (1ms)
			RebuildScriptCaches (52ms)
			SetupLoadedEditorAssemblies (450ms)
				LogAssemblyErrors (0ms)
				InitializePlatformSupportModulesInManaged (6ms)
				SetLoadedEditorAssemblies (1ms)
				RefreshPlugins (0ms)
				BeforeProcessingInitializeOnLoad (84ms)
				ProcessInitializeOnLoadAttributes (327ms)
				ProcessInitializeOnLoadMethodAttributes (12ms)
				AfterProcessingInitializeOnLoad (19ms)
				EditorAssembliesLoaded (0ms)
			ExecutionOrderSort2 (0ms)
			AwakeInstancesAfterBackupRestoration (8ms)
Platform modules already initialized, skipping
Refreshing native plugins compatible for Editor in 0.41 ms, found 2 plugins.
Preloading 0 native plugins for Editor in 0.00 ms.
Unloading 1497 Unused Serialized files (Serialized files now loaded: 0)
System memory in use before: 68.9 MB.
System memory in use after: 69.0 MB.

Unloading 14 unused Assets to reduce memory usage. Loaded Objects now: 1949.
Total: 3.066300 ms (FindLiveObjects: 0.179800 ms CreateObjectMapping: 0.115700 ms MarkObjects: 2.753600 ms  DeleteObjects: 0.015900 ms)

AssetImportParameters requested are different than current active one (requested -> active):
  custom:framework-win-MediaFoundation: 216162199b28c13a410421893ffa2e32 -> 
  custom:video-decoder-ogg-theora: a1e56fd34408186e4bbccfd4996cb3dc -> 
  custom:container-muxer-webm: aa71ff27fc2769a1b78a27578f13a17b -> 
  custom:container-demuxer-webm: 4f35f7cbe854078d1ac9338744f61a02 -> 
  custom:container-demuxer-ogg: 62fdf1f143b41e24485cea50d1cbac27 -> 
  custom:video-encoder-webm-vp8: eb34c28f22e8b96e1ab97ce403110664 -> 
  custom:video-decoder-webm-vp8: 9c59270c3fd7afecdb556c50c9e8de78 -> 
  custom:audio-decoder-ogg-vorbis: bf7c407c2cedff20999df2af8eb42d56 -> 
  custom:audio-encoder-webm-vorbis: bf7c407c2cedff20999df2af8eb42d56 -> 
========================================================================
Received Prepare
Registering precompiled user dll's ...
Registered in 0.010884 seconds.
Begin MonoManager ReloadAssembly
Native extension for WindowsStandalone target not found
Refreshing native plugins compatible for Editor in 0.39 ms, found 2 plugins.
Preloading 0 native plugins for Editor in 0.00 ms.
Mono: successfully reloaded assembly
- Completed reload, in  1.321 seconds
Domain Reload Profiling:
	ReloadAssembly (1322ms)
		BeginReloadAssembly (178ms)
			ExecutionOrderSort (0ms)
			DisableScriptedObjects (6ms)
			BackupInstance (0ms)
			ReleaseScriptingObjects (0ms)
			CreateAndSetChildDomain (33ms)
		EndReloadAssembly (1049ms)
			LoadAssemblies (159ms)
			RebuildTransferFunctionScriptingTraits (0ms)
			SetupTypeCache (335ms)
			ReleaseScriptCaches (1ms)
			RebuildScriptCaches (51ms)
			SetupLoadedEditorAssemblies (405ms)
				LogAssemblyErrors (0ms)
				InitializePlatformSupportModulesInManaged (6ms)
				SetLoadedEditorAssemblies (1ms)
				RefreshPlugins (0ms)
				BeforeProcessingInitializeOnLoad (84ms)
				ProcessInitializeOnLoadAttributes (282ms)
				ProcessInitializeOnLoadMethodAttributes (12ms)
				AfterProcessingInitializeOnLoad (19ms)
				EditorAssembliesLoaded (0ms)
			ExecutionOrderSort2 (0ms)
			AwakeInstancesAfterBackupRestoration (8ms)
Platform modules already initialized, skipping
Refreshing native plugins compatible for Editor in 0.52 ms, found 2 plugins.
Preloading 0 native plugins for Editor in 0.00 ms.
Unloading 1497 Unused Serialized files (Serialized files now loaded: 0)
System memory in use before: 68.9 MB.
System memory in use after: 69.0 MB.

Unloading 14 unused Assets to reduce memory usage. Loaded Objects now: 1951.
Total: 3.274200 ms (FindLiveObjects: 0.192700 ms CreateObjectMapping: 0.170700 ms MarkObjects: 2.888500 ms  DeleteObjects: 0.020900 ms)

AssetImportParameters requested are different than current active one (requested -> active):
  custom:framework-win-MediaFoundation: 216162199b28c13a410421893ffa2e32 -> 
  custom:video-decoder-ogg-theora: a1e56fd34408186e4bbccfd4996cb3dc -> 
  custom:container-muxer-webm: aa71ff27fc2769a1b78a27578f13a17b -> 
  custom:container-demuxer-webm: 4f35f7cbe854078d1ac9338744f61a02 -> 
  custom:container-demuxer-ogg: 62fdf1f143b41e24485cea50d1cbac27 -> 
  custom:video-encoder-webm-vp8: eb34c28f22e8b96e1ab97ce403110664 -> 
  custom:video-decoder-webm-vp8: 9c59270c3fd7afecdb556c50c9e8de78 -> 
  custom:audio-decoder-ogg-vorbis: bf7c407c2cedff20999df2af8eb42d56 -> 
  custom:audio-encoder-webm-vorbis: bf7c407c2cedff20999df2af8eb42d56 -> 
========================================================================
Received Import Request.
  Time since last request: 997.595270 seconds.
  path: Assets/01.Scenes/SampleScene.unity
  artifactKey: Guid(9fc0d4010bbf28b4594072e72b8655ab) Importer(815301076,1909f56bfc062723c751e8b465ee728b)
Start importing Assets/01.Scenes/SampleScene.unity using Guid(9fc0d4010bbf28b4594072e72b8655ab) Importer(815301076,1909f56bfc062723c751e8b465ee728b)  -> (artifact id: '9a121e1a68e7b1949e678aa0ae28d803') in 0.021016 seconds 
  Import took 0.024216 seconds .

========================================================================
Received Import Request.
  Time since last request: 23.982992 seconds.
  path: Assets/SkyBox Volume 2/DeepSpaceBlueWithPlanet
  artifactKey: Guid(c904fdf23b89b71449e1548389aee89e) Importer(815301076,1909f56bfc062723c751e8b465ee728b)
Start importing Assets/SkyBox Volume 2/DeepSpaceBlueWithPlanet using Guid(c904fdf23b89b71449e1548389aee89e) Importer(815301076,1909f56bfc062723c751e8b465ee728b)  -> (artifact id: '481dc5e7855027623318191436e33962') in 0.006834 seconds 
  Import took 0.010381 seconds .

========================================================================
Received Import Request.
  Time since last request: 50.976072 seconds.
  path: Assets/SkyBox Volume 2/DeepSpaceBlueWithPlanet/DSBWP.mat
  artifactKey: Guid(b8f20d5ca50d16143afc11f5e4af6fc1) Importer(815301076,1909f56bfc062723c751e8b465ee728b)
Start importing Assets/SkyBox Volume 2/DeepSpaceBlueWithPlanet/DSBWP.mat using Guid(b8f20d5ca50d16143afc11f5e4af6fc1) Importer(815301076,1909f56bfc062723c751e8b465ee728b)  -> (artifact id: '525347be2b6ab9e7d68aded08e567aed') in 0.173703 seconds 
  Import took 0.180622 seconds .

========================================================================
Received Prepare
Registering precompiled user dll's ...
Registered in 0.012991 seconds.
Begin MonoManager ReloadAssembly
Native extension for WindowsStandalone target not found
Refreshing native plugins compatible for Editor in 0.43 ms, found 2 plugins.
Preloading 0 native plugins for Editor in 0.00 ms.
Mono: successfully reloaded assembly
- Completed reload, in  1.480 seconds
Domain Reload Profiling:
	ReloadAssembly (1481ms)
		BeginReloadAssembly (177ms)
			ExecutionOrderSort (0ms)
			DisableScriptedObjects (5ms)
			BackupInstance (0ms)
			ReleaseScriptingObjects (0ms)
			CreateAndSetChildDomain (33ms)
		EndReloadAssembly (1211ms)
			LoadAssemblies (154ms)
			RebuildTransferFunctionScriptingTraits (0ms)
			SetupTypeCache (467ms)
			ReleaseScriptCaches (1ms)
			RebuildScriptCaches (85ms)
			SetupLoadedEditorAssemblies (377ms)
				LogAssemblyErrors (0ms)
				InitializePlatformSupportModulesInManaged (6ms)
				SetLoadedEditorAssemblies (1ms)
				RefreshPlugins (1ms)
				BeforeProcessingInitializeOnLoad (81ms)
				ProcessInitializeOnLoadAttributes (256ms)
				ProcessInitializeOnLoadMethodAttributes (12ms)
				AfterProcessingInitializeOnLoad (20ms)
				EditorAssembliesLoaded (0ms)
			ExecutionOrderSort2 (0ms)
			AwakeInstancesAfterBackupRestoration (8ms)
Platform modules already initialized, skipping
Refreshing native plugins compatible for Editor in 0.96 ms, found 2 plugins.
Preloading 0 native plugins for Editor in 0.00 ms.
Unloading 1497 Unused Serialized files (Serialized files now loaded: 0)
System memory in use before: 72.3 MB.
System memory in use after: 72.4 MB.

Unloading 14 unused Assets to reduce memory usage. Loaded Objects now: 1993.
Total: 3.011600 ms (FindLiveObjects: 0.148700 ms CreateObjectMapping: 0.060900 ms MarkObjects: 2.778300 ms  DeleteObjects: 0.022000 ms)

AssetImportParameters requested are different than current active one (requested -> active):
  custom:framework-win-MediaFoundation: 216162199b28c13a410421893ffa2e32 -> 
  custom:video-decoder-ogg-theora: a1e56fd34408186e4bbccfd4996cb3dc -> 
  custom:container-muxer-webm: aa71ff27fc2769a1b78a27578f13a17b -> 
  custom:container-demuxer-webm: 4f35f7cbe854078d1ac9338744f61a02 -> 
  custom:container-demuxer-ogg: 62fdf1f143b41e24485cea50d1cbac27 -> 
  custom:video-encoder-webm-vp8: eb34c28f22e8b96e1ab97ce403110664 -> 
  custom:video-decoder-webm-vp8: 9c59270c3fd7afecdb556c50c9e8de78 -> 
  custom:audio-decoder-ogg-vorbis: bf7c407c2cedff20999df2af8eb42d56 -> 
  custom:audio-encoder-webm-vorbis: bf7c407c2cedff20999df2af8eb42d56 -> 
========================================================================
Received Import Request.
  Time since last request: 1768.018707 seconds.
  path: Assets/YughuesFreeMetalMaterials/Materials/Textures/T_01_Diffuse.tga
  artifactKey: Guid(329307f94867b154e8e49be96de7caad) Importer(815301076,1909f56bfc062723c751e8b465ee728b)
Start importing Assets/YughuesFreeMetalMaterials/Materials/Textures/T_01_Diffuse.tga using Guid(329307f94867b154e8e49be96de7caad) Importer(815301076,1909f56bfc062723c751e8b465ee728b)  -> (artifact id: '7050f71736c1dff1e91c75e2a2db8c6c') in 0.072855 seconds 
  Import took 0.077050 seconds .

========================================================================
Received Import Request.
  Time since last request: 0.000336 seconds.
  path: Assets/YughuesFreeMetalMaterials/Materials/Textures/T_01_Specular.tga
  artifactKey: Guid(09d6c9908f6e3ee4b939119f63b0ee4d) Importer(815301076,1909f56bfc062723c751e8b465ee728b)
Start importing Assets/YughuesFreeMetalMaterials/Materials/Textures/T_01_Specular.tga using Guid(09d6c9908f6e3ee4b939119f63b0ee4d) Importer(815301076,1909f56bfc062723c751e8b465ee728b)  -> (artifact id: '1b11564c162482d089642a2a2b2c6507') in 0.019814 seconds 
  Import took 0.022885 seconds .

========================================================================
Received Import Request.
  Time since last request: 0.000315 seconds.
  path: Assets/YughuesFreeMetalMaterials/Materials/Textures/T_01_Normal.tga
  artifactKey: Guid(e63efd1ff58b45b4ca71d2571ebe8ea2) Importer(815301076,1909f56bfc062723c751e8b465ee728b)
Start importing Assets/YughuesFreeMetalMaterials/Materials/Textures/T_01_Normal.tga using Guid(e63efd1ff58b45b4ca71d2571ebe8ea2) Importer(815301076,1909f56bfc062723c751e8b465ee728b)  -> (artifact id: '0f9975c11847b4efe4c7d740d81fe107') in 0.031187 seconds 
  Import took 0.034694 seconds .

========================================================================
Received Import Request.
  Time since last request: 32.075464 seconds.
  path: Assets/YughuesFreeMetalMaterials/Demo/DEMO_YFMM_SphereMesh.FBX
  artifactKey: Guid(4f949ae83a043c64d9ee5d95fc9db193) Importer(815301076,1909f56bfc062723c751e8b465ee728b)
Start importing Assets/YughuesFreeMetalMaterials/Demo/DEMO_YFMM_SphereMesh.FBX using Guid(4f949ae83a043c64d9ee5d95fc9db193) Importer(815301076,1909f56bfc062723c751e8b465ee728b)  -> (artifact id: '53f85a352c11ab77439f19a5222ff1b2') in 0.242239 seconds 
  Import took 0.245722 seconds .

========================================================================
Received Import Request.
  Time since last request: 25.029920 seconds.
  path: Assets/YughuesFreeMetalMaterials/Materials/Textures/T_02_Diffuse.tga
  artifactKey: Guid(b83cd04fd3669764388c0ad4cc89e7e2) Importer(815301076,1909f56bfc062723c751e8b465ee728b)
Start importing Assets/YughuesFreeMetalMaterials/Materials/Textures/T_02_Diffuse.tga using Guid(b83cd04fd3669764388c0ad4cc89e7e2) Importer(815301076,1909f56bfc062723c751e8b465ee728b)  -> (artifact id: '54face77f2e1642e688b12407bab7e9c') in 0.035191 seconds 
  Import took 0.039791 seconds .

========================================================================
Received Import Request.
  Time since last request: 0.000455 seconds.
  path: Assets/YughuesFreeMetalMaterials/Materials/Textures/T_02_Normal.tga
  artifactKey: Guid(d4590337a78a04448a1e23b2d41cd1c4) Importer(815301076,1909f56bfc062723c751e8b465ee728b)
Start importing Assets/YughuesFreeMetalMaterials/Materials/Textures/T_02_Normal.tga using Guid(d4590337a78a04448a1e23b2d41cd1c4) Importer(815301076,1909f56bfc062723c751e8b465ee728b)  -> (artifact id: '638eb03ec67b494aa905801ea0d06e21') in 0.025424 seconds 
  Import took 0.028554 seconds .

========================================================================
Received Import Request.
  Time since last request: 0.238285 seconds.
  path: Assets/YughuesFreeMetalMaterials/Materials/Textures/T_02_Specular.tga
  artifactKey: Guid(d8b7271fec101a84abbc668382536813) Importer(815301076,1909f56bfc062723c751e8b465ee728b)
Start importing Assets/YughuesFreeMetalMaterials/Materials/Textures/T_02_Specular.tga using Guid(d8b7271fec101a84abbc668382536813) Importer(815301076,1909f56bfc062723c751e8b465ee728b)  -> (artifact id: '6f787a59ac20d927a15d7c09b1772c73') in 0.035679 seconds 
  Import took 0.042227 seconds .

========================================================================
Received Import Request.
  Time since last request: 0.000567 seconds.
  path: Assets/YughuesFreeMetalMaterials/Materials/Textures/T_03_Diffuse.tga
  artifactKey: Guid(3f7bdb1db46318a488851d1a48046566) Importer(815301076,1909f56bfc062723c751e8b465ee728b)
Start importing Assets/YughuesFreeMetalMaterials/Materials/Textures/T_03_Diffuse.tga using Guid(3f7bdb1db46318a488851d1a48046566) Importer(815301076,1909f56bfc062723c751e8b465ee728b)  -> (artifact id: '20714a5013c54df4706a2162d76bb268') in 0.023480 seconds 
  Import took 0.038915 seconds .

========================================================================
Received Import Request.
  Time since last request: 0.000339 seconds.
  path: Assets/YughuesFreeMetalMaterials/Materials/Textures/T_03_Specular.tga
  artifactKey: Guid(d12195ae4fdaf7a4bbf1c1cc203a8dd9) Importer(815301076,1909f56bfc062723c751e8b465ee728b)
Start importing Assets/YughuesFreeMetalMaterials/Materials/Textures/T_03_Specular.tga using Guid(d12195ae4fdaf7a4bbf1c1cc203a8dd9) Importer(815301076,1909f56bfc062723c751e8b465ee728b)  -> (artifact id: 'd5976e21ff595ce72f2ebbae86f41820') in 0.018468 seconds 
  Import took 0.021675 seconds .

========================================================================
Received Import Request.
  Time since last request: 0.000333 seconds.
  path: Assets/YughuesFreeMetalMaterials/Materials/Textures/T_03_Normal.tga
  artifactKey: Guid(1f8c6ec62be014641995334990ab7993) Importer(815301076,1909f56bfc062723c751e8b465ee728b)
Start importing Assets/YughuesFreeMetalMaterials/Materials/Textures/T_03_Normal.tga using Guid(1f8c6ec62be014641995334990ab7993) Importer(815301076,1909f56bfc062723c751e8b465ee728b)  -> (artifact id: '14ea42732203ce970dcb953371779015') in 0.018420 seconds 
  Import took 0.021476 seconds .

========================================================================
Received Import Request.
  Time since last request: 6.928298 seconds.
  path: Assets/YughuesFreeMetalMaterials/Materials/Textures/T_04_Diffuse.tga
  artifactKey: Guid(34642f23da78a9f43b87e30f0b38a796) Importer(815301076,1909f56bfc062723c751e8b465ee728b)
Start importing Assets/YughuesFreeMetalMaterials/Materials/Textures/T_04_Diffuse.tga using Guid(34642f23da78a9f43b87e30f0b38a796) Importer(815301076,1909f56bfc062723c751e8b465ee728b)  -> (artifact id: 'f873da7e2f88e458143f8dfdae8f72c0') in 0.018215 seconds 
  Import took 0.022269 seconds .

========================================================================
Received Import Request.
  Time since last request: 0.000297 seconds.
  path: Assets/YughuesFreeMetalMaterials/Materials/Textures/T_04_Normal.tga
  artifactKey: Guid(c8032c4dd699e8d4d8aa56e703af1483) Importer(815301076,1909f56bfc062723c751e8b465ee728b)
Start importing Assets/YughuesFreeMetalMaterials/Materials/Textures/T_04_Normal.tga using Guid(c8032c4dd699e8d4d8aa56e703af1483) Importer(815301076,1909f56bfc062723c751e8b465ee728b)  -> (artifact id: 'f4eb2af18fe45b0ef6463396381d6e25') in 0.017233 seconds 
  Import took 0.020604 seconds .

========================================================================
Received Import Request.
  Time since last request: 177.236204 seconds.
  path: Assets/09.material/Skybox_Space.mat
  artifactKey: Guid(e931c2558ef673047bebf2957c5ec499) Importer(815301076,1909f56bfc062723c751e8b465ee728b)
Start importing Assets/09.material/Skybox_Space.mat using Guid(e931c2558ef673047bebf2957c5ec499) Importer(815301076,1909f56bfc062723c751e8b465ee728b)  -> (artifact id: '38839300ed7e2e4baf3e8c6aac1b6b81') in 0.055502 seconds 
  Import took 0.060150 seconds .

========================================================================
Received Import Request.
  Time since last request: 14.503221 seconds.
  path: Assets/YughuesFreeMetalMaterials/Materials/Textures/T_04_Specular.tga
  artifactKey: Guid(5ac21282e11c3a6439d85e1da57f5989) Importer(815301076,1909f56bfc062723c751e8b465ee728b)
Start importing Assets/YughuesFreeMetalMaterials/Materials/Textures/T_04_Specular.tga using Guid(5ac21282e11c3a6439d85e1da57f5989) Importer(815301076,1909f56bfc062723c751e8b465ee728b)  -> (artifact id: '6db6c1a56cc1cf8a99e215c08146187a') in 0.022378 seconds 
  Import took 0.025743 seconds .

========================================================================
Received Import Request.
  Time since last request: 0.000349 seconds.
  path: Assets/YughuesFreeMetalMaterials/Materials/Textures/T_05_Diffuse.tga
  artifactKey: Guid(51b05ea1455c0f64dbd5387d62de22e1) Importer(815301076,1909f56bfc062723c751e8b465ee728b)
Start importing Assets/YughuesFreeMetalMaterials/Materials/Textures/T_05_Diffuse.tga using Guid(51b05ea1455c0f64dbd5387d62de22e1) Importer(815301076,1909f56bfc062723c751e8b465ee728b)  -> (artifact id: 'dec1df68a0e8967344b92a6fb6e5cf42') in 0.016685 seconds 
  Import took 0.019432 seconds .

========================================================================
Received Import Request.
  Time since last request: 2.656827 seconds.
  path: Assets/YughuesFreeMetalMaterials/Materials/Textures/T_05_Normal.tga
  artifactKey: Guid(f6e6e6daff08ce04f8e7af85582635bb) Importer(815301076,1909f56bfc062723c751e8b465ee728b)
Start importing Assets/YughuesFreeMetalMaterials/Materials/Textures/T_05_Normal.tga using Guid(f6e6e6daff08ce04f8e7af85582635bb) Importer(815301076,1909f56bfc062723c751e8b465ee728b)  -> (artifact id: '2ea311b50753c8e8b431fd2193bcd904') in 0.033555 seconds 
  Import took 0.039616 seconds .

========================================================================
Received Import Request.
  Time since last request: 0.000664 seconds.
  path: Assets/YughuesFreeMetalMaterials/Materials/Textures/T_05_Specular.tga
  artifactKey: Guid(b4ed233c9409f8a4e83a267a7d60f523) Importer(815301076,1909f56bfc062723c751e8b465ee728b)
Start importing Assets/YughuesFreeMetalMaterials/Materials/Textures/T_05_Specular.tga using Guid(b4ed233c9409f8a4e83a267a7d60f523) Importer(815301076,1909f56bfc062723c751e8b465ee728b)  -> (artifact id: 'b381f82d463d14283956509ec1b4f4a0') in 0.023111 seconds 
  Import took 0.028076 seconds .

========================================================================
Received Import Request.
  Time since last request: 0.008627 seconds.
  path: Assets/YughuesFreeMetalMaterials/Materials/Textures/T_06_Diffuse.tga
  artifactKey: Guid(d94fc41018e782d4baf1afad1b9e60d7) Importer(815301076,1909f56bfc062723c751e8b465ee728b)
Start importing Assets/YughuesFreeMetalMaterials/Materials/Textures/T_06_Diffuse.tga using Guid(d94fc41018e782d4baf1afad1b9e60d7) Importer(815301076,1909f56bfc062723c751e8b465ee728b)  -> (artifact id: '36af9a0f74b94699df678d36ec232743') in 0.018051 seconds 
  Import took 0.021476 seconds .

========================================================================
Received Import Request.
  Time since last request: 0.000373 seconds.
  path: Assets/YughuesFreeMetalMaterials/Materials/Textures/T_06_Normal.tga
  artifactKey: Guid(b7767f0d201ba334dacf548f5238daeb) Importer(815301076,1909f56bfc062723c751e8b465ee728b)
Start importing Assets/YughuesFreeMetalMaterials/Materials/Textures/T_06_Normal.tga using Guid(b7767f0d201ba334dacf548f5238daeb) Importer(815301076,1909f56bfc062723c751e8b465ee728b)  -> (artifact id: 'be5dab409fdc639b2c3d159254e1075c') in 0.017623 seconds 
  Import took 0.021040 seconds .

========================================================================
Received Import Request.
  Time since last request: 0.599083 seconds.
  path: Assets/YughuesFreeMetalMaterials/Materials/Textures/T_06_Specular.tga
  artifactKey: Guid(be9e7e8e339ba1e4799d2618611d7661) Importer(815301076,1909f56bfc062723c751e8b465ee728b)
Start importing Assets/YughuesFreeMetalMaterials/Materials/Textures/T_06_Specular.tga using Guid(be9e7e8e339ba1e4799d2618611d7661) Importer(815301076,1909f56bfc062723c751e8b465ee728b)  -> (artifact id: 'ad4b3a1a478d52fe215b16ac9a53e281') in 0.033855 seconds 
  Import took 0.039828 seconds .

========================================================================
Received Import Request.
  Time since last request: 0.000604 seconds.
  path: Assets/YughuesFreeMetalMaterials/Materials/Textures/T_07_Diffuse.tga
  artifactKey: Guid(d0e1b4cdfbad6b348a3f788a993a77d4) Importer(815301076,1909f56bfc062723c751e8b465ee728b)
Start importing Assets/YughuesFreeMetalMaterials/Materials/Textures/T_07_Diffuse.tga using Guid(d0e1b4cdfbad6b348a3f788a993a77d4) Importer(815301076,1909f56bfc062723c751e8b465ee728b)  -> (artifact id: '9909113fa7ae22b7b3ec2c3c4522bb1f') in 0.018886 seconds 
  Import took 0.024052 seconds .

========================================================================
Received Import Request.
  Time since last request: 0.000371 seconds.
  path: Assets/YughuesFreeMetalMaterials/Materials/Textures/T_07_Specular.tga
  artifactKey: Guid(b07df3cddf993c54a8a17e64f457b549) Importer(815301076,1909f56bfc062723c751e8b465ee728b)
Start importing Assets/YughuesFreeMetalMaterials/Materials/Textures/T_07_Specular.tga using Guid(b07df3cddf993c54a8a17e64f457b549) Importer(815301076,1909f56bfc062723c751e8b465ee728b)  -> (artifact id: '66bdaf1740f304480ce086c81702f9cd') in 0.017996 seconds 
  Import took 0.022008 seconds .

========================================================================
Received Import Request.
  Time since last request: 0.000349 seconds.
  path: Assets/YughuesFreeMetalMaterials/Materials/Textures/T_07_Normal.tga
  artifactKey: Guid(d0a8d5be35949f546bfabeef66d86b82) Importer(815301076,1909f56bfc062723c751e8b465ee728b)
Start importing Assets/YughuesFreeMetalMaterials/Materials/Textures/T_07_Normal.tga using Guid(d0a8d5be35949f546bfabeef66d86b82) Importer(815301076,1909f56bfc062723c751e8b465ee728b)  -> (artifact id: '03fafec2158e7e67d0e7a7ad0f59b2cb') in 0.019611 seconds 
  Import took 0.023389 seconds .

========================================================================
Received Import Request.
  Time since last request: 0.588182 seconds.
  path: Assets/YughuesFreeMetalMaterials/Materials/Textures/T_08_Diffuse.tga
  artifactKey: Guid(640ee290d9cbc4b4685c85ef0d50ea60) Importer(815301076,1909f56bfc062723c751e8b465ee728b)
Start importing Assets/YughuesFreeMetalMaterials/Materials/Textures/T_08_Diffuse.tga using Guid(640ee290d9cbc4b4685c85ef0d50ea60) Importer(815301076,1909f56bfc062723c751e8b465ee728b)  -> (artifact id: '1960fad3d5a1c7c78c31605113547197') in 0.033309 seconds 
  Import took 0.038073 seconds .

========================================================================
Received Import Request.
  Time since last request: 0.000369 seconds.
  path: Assets/YughuesFreeMetalMaterials/Materials/Textures/T_08_Normal.tga
  artifactKey: Guid(2ee180c070da9554385c5a088aae062e) Importer(815301076,1909f56bfc062723c751e8b465ee728b)
Start importing Assets/YughuesFreeMetalMaterials/Materials/Textures/T_08_Normal.tga using Guid(2ee180c070da9554385c5a088aae062e) Importer(815301076,1909f56bfc062723c751e8b465ee728b)  -> (artifact id: '707b08a7e3977592d4369d40ddc1b5b5') in 0.020421 seconds 
  Import took 0.022987 seconds .

========================================================================
Received Import Request.
  Time since last request: 1.811622 seconds.
  path: Assets/YughuesFreeMetalMaterials/Materials/Textures/T_08_Specular.tga
  artifactKey: Guid(9e54b7e0308fe894fac37951533a179e) Importer(815301076,1909f56bfc062723c751e8b465ee728b)
Start importing Assets/YughuesFreeMetalMaterials/Materials/Textures/T_08_Specular.tga using Guid(9e54b7e0308fe894fac37951533a179e) Importer(815301076,1909f56bfc062723c751e8b465ee728b)  -> (artifact id: '2e0790400b7c0833d61cc0030c19bb43') in 0.026743 seconds 
  Import took 0.031154 seconds .

========================================================================
Received Import Request.
  Time since last request: 0.000446 seconds.
  path: Assets/YughuesFreeMetalMaterials/Materials/Textures/T_09_Diffuse.tga
  artifactKey: Guid(9b7130db76e1f4547a5ef5a01d08d96f) Importer(815301076,1909f56bfc062723c751e8b465ee728b)
Start importing Assets/YughuesFreeMetalMaterials/Materials/Textures/T_09_Diffuse.tga using Guid(9b7130db76e1f4547a5ef5a01d08d96f) Importer(815301076,1909f56bfc062723c751e8b465ee728b)  -> (artifact id: '1abc6238354110d92eeac4828b2524d2') in 0.021770 seconds 
  Import took 0.025290 seconds .

========================================================================
Received Import Request.
  Time since last request: 0.000403 seconds.
  path: Assets/YughuesFreeMetalMaterials/Materials/Textures/T_09_Specular.tga
  artifactKey: Guid(23cbb8ee7779285419c0b154e731c40e) Importer(815301076,1909f56bfc062723c751e8b465ee728b)
Start importing Assets/YughuesFreeMetalMaterials/Materials/Textures/T_09_Specular.tga using Guid(23cbb8ee7779285419c0b154e731c40e) Importer(815301076,1909f56bfc062723c751e8b465ee728b)  -> (artifact id: '4ce8d0ba017366582e76b76bccbca7e2') in 0.021866 seconds 
  Import took 0.026346 seconds .

========================================================================
Received Import Request.
  Time since last request: 0.000418 seconds.
  path: Assets/YughuesFreeMetalMaterials/Materials/Textures/T_09_Normal.tga
  artifactKey: Guid(c56ea16fda03e4a429ea043548e66a62) Importer(815301076,1909f56bfc062723c751e8b465ee728b)
Start importing Assets/YughuesFreeMetalMaterials/Materials/Textures/T_09_Normal.tga using Guid(c56ea16fda03e4a429ea043548e66a62) Importer(815301076,1909f56bfc062723c751e8b465ee728b)  -> (artifact id: '7c6e52781d40243d5d758d4fe4d4c6d3') in 0.018312 seconds 
  Import took 0.021469 seconds .

========================================================================
Received Import Request.
  Time since last request: 0.320118 seconds.
  path: Assets/YughuesFreeMetalMaterials/Materials/Textures/T_10_Diffuse.tga
  artifactKey: Guid(9235f02dfc48e41448cbd353c0a00a8d) Importer(815301076,1909f56bfc062723c751e8b465ee728b)
Start importing Assets/YughuesFreeMetalMaterials/Materials/Textures/T_10_Diffuse.tga using Guid(9235f02dfc48e41448cbd353c0a00a8d) Importer(815301076,1909f56bfc062723c751e8b465ee728b)  -> (artifact id: '5485c9b5b546ee509b277ed8223490f5') in 0.032124 seconds 
  Import took 0.037960 seconds .

========================================================================
Received Import Request.
  Time since last request: 0.000566 seconds.
  path: Assets/YughuesFreeMetalMaterials/Materials/Textures/T_10_Glow.tga
  artifactKey: Guid(0145160747ee37d48b70a86ba8103d7a) Importer(815301076,1909f56bfc062723c751e8b465ee728b)
Start importing Assets/YughuesFreeMetalMaterials/Materials/Textures/T_10_Glow.tga using Guid(0145160747ee37d48b70a86ba8103d7a) Importer(815301076,1909f56bfc062723c751e8b465ee728b)  -> (artifact id: '2f455fae7aa735a668d52bcb5e6bfed7') in 0.032440 seconds 
  Import took 0.036678 seconds .

========================================================================
Received Import Request.
  Time since last request: 24.887518 seconds.
  path: Assets/YughuesFreeMetalMaterials/Materials/Textures/T_10_Normal.tga
  artifactKey: Guid(e0ceb8567a0394b4f85cb11fdac74d36) Importer(815301076,1909f56bfc062723c751e8b465ee728b)
Start importing Assets/YughuesFreeMetalMaterials/Materials/Textures/T_10_Normal.tga using Guid(e0ceb8567a0394b4f85cb11fdac74d36) Importer(815301076,1909f56bfc062723c751e8b465ee728b)  -> (artifact id: 'bc3fbb4b81c0d600cf0f94518719f3bc') in 0.024334 seconds 
  Import took 0.028487 seconds .

========================================================================
Received Import Request.
  Time since last request: 0.000456 seconds.
  path: Assets/YughuesFreeMetalMaterials/Materials/Textures/T_12_Diffuse.tga
  artifactKey: Guid(5d41fed6b38712241854c1e34c96d3ce) Importer(815301076,1909f56bfc062723c751e8b465ee728b)
Start importing Assets/YughuesFreeMetalMaterials/Materials/Textures/T_12_Diffuse.tga using Guid(5d41fed6b38712241854c1e34c96d3ce) Importer(815301076,1909f56bfc062723c751e8b465ee728b)  -> (artifact id: '6206cdeae79d92458023e6dc689fdaba') in 0.021327 seconds 
  Import took 0.025386 seconds .

========================================================================
Received Import Request.
  Time since last request: 0.000399 seconds.
  path: Assets/YughuesFreeMetalMaterials/Materials/Textures/T_11_Diffuse.tga
  artifactKey: Guid(02b2e6db5c6cbc74796f44888a7f1197) Importer(815301076,1909f56bfc062723c751e8b465ee728b)
Start importing Assets/YughuesFreeMetalMaterials/Materials/Textures/T_11_Diffuse.tga using Guid(02b2e6db5c6cbc74796f44888a7f1197) Importer(815301076,1909f56bfc062723c751e8b465ee728b)  -> (artifact id: '928235ccdcbe49ca26757e18c6563e1a') in 0.018849 seconds 
  Import took 0.022137 seconds .

========================================================================
Received Import Request.
  Time since last request: 0.000307 seconds.
  path: Assets/YughuesFreeMetalMaterials/Materials/Textures/T_12_Emissive.tga
  artifactKey: Guid(2d0a4c78ea142244cbf9957397b75d7a) Importer(815301076,1909f56bfc062723c751e8b465ee728b)
Start importing Assets/YughuesFreeMetalMaterials/Materials/Textures/T_12_Emissive.tga using Guid(2d0a4c78ea142244cbf9957397b75d7a) Importer(815301076,1909f56bfc062723c751e8b465ee728b)  -> (artifact id: '23cee66b63b918bb5608399b8c49e8c3') in 0.017173 seconds 
  Import took 0.020123 seconds .

========================================================================
Received Import Request.
  Time since last request: 0.000367 seconds.
  path: Assets/YughuesFreeMetalMaterials/Materials/Textures/T_11_Specular.tga
  artifactKey: Guid(26a5a819f3afd984ea4658c19842fc91) Importer(815301076,1909f56bfc062723c751e8b465ee728b)
Start importing Assets/YughuesFreeMetalMaterials/Materials/Textures/T_11_Specular.tga using Guid(26a5a819f3afd984ea4658c19842fc91) Importer(815301076,1909f56bfc062723c751e8b465ee728b)  -> (artifact id: 'e7dec2b8c22ca978355405011f0c7cfc') in 0.016865 seconds 
  Import took 0.020162 seconds .

========================================================================
Received Import Request.
  Time since last request: 0.000406 seconds.
  path: Assets/YughuesFreeMetalMaterials/Materials/Textures/T_10_Specular.tga
  artifactKey: Guid(03dd414d6373d4e458121278ae3a91e5) Importer(815301076,1909f56bfc062723c751e8b465ee728b)
Start importing Assets/YughuesFreeMetalMaterials/Materials/Textures/T_10_Specular.tga using Guid(03dd414d6373d4e458121278ae3a91e5) Importer(815301076,1909f56bfc062723c751e8b465ee728b)  -> (artifact id: '2f2ce06c8587051e143480dbfbcc5d57') in 0.018663 seconds 
  Import took 0.022366 seconds .

========================================================================
Received Import Request.
  Time since last request: 0.000325 seconds.
  path: Assets/YughuesFreeMetalMaterials/Materials/Textures/T_12_Normal.tga
  artifactKey: Guid(12dee78e6b4fc644fb75f9d19b8b9ba8) Importer(815301076,1909f56bfc062723c751e8b465ee728b)
Start importing Assets/YughuesFreeMetalMaterials/Materials/Textures/T_12_Normal.tga using Guid(12dee78e6b4fc644fb75f9d19b8b9ba8) Importer(815301076,1909f56bfc062723c751e8b465ee728b)  -> (artifact id: 'e9fd70d6de9c087cc2125213aa8e93d6') in 0.019563 seconds 
  Import took 0.022672 seconds .

========================================================================
Received Import Request.
  Time since last request: 0.000314 seconds.
  path: Assets/YughuesFreeMetalMaterials/Materials/Textures/T_11_Normal.tga
  artifactKey: Guid(f75108035af3d8a4390bfe96a3342a2f) Importer(815301076,1909f56bfc062723c751e8b465ee728b)
Start importing Assets/YughuesFreeMetalMaterials/Materials/Textures/T_11_Normal.tga using Guid(f75108035af3d8a4390bfe96a3342a2f) Importer(815301076,1909f56bfc062723c751e8b465ee728b)  -> (artifact id: 'aaa461605369c37f2bb81c9a61f70c98') in 0.016726 seconds 
  Import took 0.020237 seconds .

========================================================================
Received Import Request.
  Time since last request: 0.000307 seconds.
  path: Assets/YughuesFreeMetalMaterials/Materials/Textures/T_12_Specular.tga
  artifactKey: Guid(d72611aa5c8088f4eb634a6f1178acd5) Importer(815301076,1909f56bfc062723c751e8b465ee728b)
Start importing Assets/YughuesFreeMetalMaterials/Materials/Textures/T_12_Specular.tga using Guid(d72611aa5c8088f4eb634a6f1178acd5) Importer(815301076,1909f56bfc062723c751e8b465ee728b)  -> (artifact id: '77bf662c904ad778926eefb70a49f1b7') in 0.017473 seconds 
  Import took 0.020855 seconds .

========================================================================
Received Import Request.
  Time since last request: 0.000302 seconds.
  path: Assets/YughuesFreeMetalMaterials/Materials/Textures/T_16_Diffuse.tga
  artifactKey: Guid(1730b9de01b2d4542b503f797a18edc1) Importer(815301076,1909f56bfc062723c751e8b465ee728b)
Start importing Assets/YughuesFreeMetalMaterials/Materials/Textures/T_16_Diffuse.tga using Guid(1730b9de01b2d4542b503f797a18edc1) Importer(815301076,1909f56bfc062723c751e8b465ee728b)  -> (artifact id: '975d1aab2a8da71a20702b902bbadd7a') in 0.017555 seconds 
  Import took 0.020689 seconds .

========================================================================
Received Import Request.
  Time since last request: 0.000287 seconds.
  path: Assets/YughuesFreeMetalMaterials/Materials/Textures/T_16_Specular.tga
  artifactKey: Guid(b4745deb35e7f4a42a3a9da87633930e) Importer(815301076,1909f56bfc062723c751e8b465ee728b)
Start importing Assets/YughuesFreeMetalMaterials/Materials/Textures/T_16_Specular.tga using Guid(b4745deb35e7f4a42a3a9da87633930e) Importer(815301076,1909f56bfc062723c751e8b465ee728b)  -> (artifact id: '4fa12d86bf470fd84b64c56fffb6d214') in 0.015386 seconds 
  Import took 0.018143 seconds .

========================================================================
Received Import Request.
  Time since last request: 0.000329 seconds.
  path: Assets/YughuesFreeMetalMaterials/Materials/Textures/T_15_Specular.tga
  artifactKey: Guid(ac2f27c4fb9eb8640bf13f478c6b89ee) Importer(815301076,1909f56bfc062723c751e8b465ee728b)
Start importing Assets/YughuesFreeMetalMaterials/Materials/Textures/T_15_Specular.tga using Guid(ac2f27c4fb9eb8640bf13f478c6b89ee) Importer(815301076,1909f56bfc062723c751e8b465ee728b)  -> (artifact id: 'e1664408df5bc4e18e6d6c3fbac5488d') in 0.015551 seconds 
  Import took 0.018328 seconds .

========================================================================
Received Import Request.
  Time since last request: 0.000319 seconds.
  path: Assets/YughuesFreeMetalMaterials/Materials/Textures/T_15_Diffuse.tga
  artifactKey: Guid(47f997fbf9cb3a840a27fef8a495a398) Importer(815301076,1909f56bfc062723c751e8b465ee728b)
Start importing Assets/YughuesFreeMetalMaterials/Materials/Textures/T_15_Diffuse.tga using Guid(47f997fbf9cb3a840a27fef8a495a398) Importer(815301076,1909f56bfc062723c751e8b465ee728b)  -> (artifact id: '99fba24309d4b2c2f85a418175e7206d') in 0.014481 seconds 
  Import took 0.017111 seconds .

========================================================================
Received Import Request.
  Time since last request: 0.000338 seconds.
  path: Assets/YughuesFreeMetalMaterials/Materials/Textures/T_14_Specular.tga
  artifactKey: Guid(035c1683361e0bd48b03f41544efc189) Importer(815301076,1909f56bfc062723c751e8b465ee728b)
Start importing Assets/YughuesFreeMetalMaterials/Materials/Textures/T_14_Specular.tga using Guid(035c1683361e0bd48b03f41544efc189) Importer(815301076,1909f56bfc062723c751e8b465ee728b)  -> (artifact id: '51448e8f126bf324059480b278face81') in 0.015815 seconds 
  Import took 0.018700 seconds .

========================================================================
Received Import Request.
  Time since last request: 0.000358 seconds.
  path: Assets/YughuesFreeMetalMaterials/Materials/Textures/T_13_Diffuse.tga
  artifactKey: Guid(33dc51d475a7a4146b3b5d4c45273177) Importer(815301076,1909f56bfc062723c751e8b465ee728b)
Start importing Assets/YughuesFreeMetalMaterials/Materials/Textures/T_13_Diffuse.tga using Guid(33dc51d475a7a4146b3b5d4c45273177) Importer(815301076,1909f56bfc062723c751e8b465ee728b)  -> (artifact id: '99e69e4460e8c8cd7e9e6bb8713b0944') in 0.017233 seconds 
  Import took 0.020524 seconds .

========================================================================
Received Import Request.
  Time since last request: 0.000323 seconds.
  path: Assets/YughuesFreeMetalMaterials/Materials/Textures/T_15_Normal.tga
  artifactKey: Guid(b22c6961048b78945bc62e97743a5f70) Importer(815301076,1909f56bfc062723c751e8b465ee728b)
Start importing Assets/YughuesFreeMetalMaterials/Materials/Textures/T_15_Normal.tga using Guid(b22c6961048b78945bc62e97743a5f70) Importer(815301076,1909f56bfc062723c751e8b465ee728b)  -> (artifact id: 'd0238ac3aefc691aaa3c3067983a2ff3') in 0.016441 seconds 
  Import took 0.019429 seconds .

========================================================================
Received Import Request.
  Time since last request: 0.000547 seconds.
  path: Assets/YughuesFreeMetalMaterials/Materials/Textures/T_16_Normal.tga
  artifactKey: Guid(ecfcad7bf65ab804786622b7d74a2f95) Importer(815301076,1909f56bfc062723c751e8b465ee728b)
Start importing Assets/YughuesFreeMetalMaterials/Materials/Textures/T_16_Normal.tga using Guid(ecfcad7bf65ab804786622b7d74a2f95) Importer(815301076,1909f56bfc062723c751e8b465ee728b)  -> (artifact id: 'e6e6531f9aaed9801bf9170cc7cc12ef') in 0.016602 seconds 
  Import took 0.019711 seconds .

========================================================================
Received Import Request.
  Time since last request: 0.000343 seconds.
  path: Assets/YughuesFreeMetalMaterials/Materials/Textures/T_14_Normal.tga
  artifactKey: Guid(d89e0d9211450ba46a26692c471bc88b) Importer(815301076,1909f56bfc062723c751e8b465ee728b)
Start importing Assets/YughuesFreeMetalMaterials/Materials/Textures/T_14_Normal.tga using Guid(d89e0d9211450ba46a26692c471bc88b) Importer(815301076,1909f56bfc062723c751e8b465ee728b)  -> (artifact id: '2252f50aaceea97d8a95fe4d87309b58') in 0.018711 seconds 
  Import took 0.022046 seconds .

========================================================================
Received Import Request.
  Time since last request: 0.000410 seconds.
  path: Assets/YughuesFreeMetalMaterials/Materials/Textures/T_16_Emissive.tga
  artifactKey: Guid(8f9391bcf3b56b4429b45da4c326e808) Importer(815301076,1909f56bfc062723c751e8b465ee728b)
Start importing Assets/YughuesFreeMetalMaterials/Materials/Textures/T_16_Emissive.tga using Guid(8f9391bcf3b56b4429b45da4c326e808) Importer(815301076,1909f56bfc062723c751e8b465ee728b)  -> (artifact id: '63e3d74aa45d2bf407ea9223060e92f0') in 0.015828 seconds 
  Import took 0.018852 seconds .

========================================================================
Received Import Request.
  Time since last request: 0.000343 seconds.
  path: Assets/YughuesFreeMetalMaterials/Materials/Textures/T_13_Specular.tga
  artifactKey: Guid(88ea2467daa61a54baba97ff1f4b2625) Importer(815301076,1909f56bfc062723c751e8b465ee728b)
Start importing Assets/YughuesFreeMetalMaterials/Materials/Textures/T_13_Specular.tga using Guid(88ea2467daa61a54baba97ff1f4b2625) Importer(815301076,1909f56bfc062723c751e8b465ee728b)  -> (artifact id: '83cd6391e31fc632f0b57f594211cc2d') in 0.016220 seconds 
  Import took 0.019582 seconds .

========================================================================
Received Import Request.
  Time since last request: 0.000395 seconds.
  path: Assets/YughuesFreeMetalMaterials/Materials/Textures/T_19_Diffuse.tga
  artifactKey: Guid(ef882f7a63423bf4896b9f58e236acf9) Importer(815301076,1909f56bfc062723c751e8b465ee728b)
Start importing Assets/YughuesFreeMetalMaterials/Materials/Textures/T_19_Diffuse.tga using Guid(ef882f7a63423bf4896b9f58e236acf9) Importer(815301076,1909f56bfc062723c751e8b465ee728b)  -> (artifact id: '9abc189892a00f5d1eedaaa4f43faf08') in 0.016028 seconds 
  Import took 0.018974 seconds .

========================================================================
Received Import Request.
  Time since last request: 0.000316 seconds.
  path: Assets/YughuesFreeMetalMaterials/Materials/Textures/T_20_Normal.tga
  artifactKey: Guid(0bbf8e810623a7147b33e57b1b821b00) Importer(815301076,1909f56bfc062723c751e8b465ee728b)
Start importing Assets/YughuesFreeMetalMaterials/Materials/Textures/T_20_Normal.tga using Guid(0bbf8e810623a7147b33e57b1b821b00) Importer(815301076,1909f56bfc062723c751e8b465ee728b)  -> (artifact id: 'e457ad09dc965dc931bbafe78557ec8b') in 0.016507 seconds 
  Import took 0.019543 seconds .

========================================================================
Received Import Request.
  Time since last request: 0.000305 seconds.
  path: Assets/YughuesFreeMetalMaterials/Materials/Textures/T_21_Normal.tga
  artifactKey: Guid(e467b527fd3204a4292b9afadb018f4a) Importer(815301076,1909f56bfc062723c751e8b465ee728b)
Start importing Assets/YughuesFreeMetalMaterials/Materials/Textures/T_21_Normal.tga using Guid(e467b527fd3204a4292b9afadb018f4a) Importer(815301076,1909f56bfc062723c751e8b465ee728b)  -> (artifact id: 'cece9e4b91892df38afcff2fc24d8dcf') in 0.016008 seconds 
  Import took 0.019172 seconds .

========================================================================
Received Import Request.
  Time since last request: 0.000309 seconds.
  path: Assets/YughuesFreeMetalMaterials/Materials/Textures/T_17_Specular.tga
  artifactKey: Guid(d1b497fcc74016c4fa7a75ade1959045) Importer(815301076,1909f56bfc062723c751e8b465ee728b)
Start importing Assets/YughuesFreeMetalMaterials/Materials/Textures/T_17_Specular.tga using Guid(d1b497fcc74016c4fa7a75ade1959045) Importer(815301076,1909f56bfc062723c751e8b465ee728b)  -> (artifact id: '46a5ca525855e453b44cff10c2015548') in 0.016254 seconds 
  Import took 0.020012 seconds .

========================================================================
Received Import Request.
  Time since last request: 0.000355 seconds.
  path: Assets/YughuesFreeMetalMaterials/Materials/Textures/T_18_Normal.tga
  artifactKey: Guid(c902dc60be5856949909aacd8d22ccea) Importer(815301076,1909f56bfc062723c751e8b465ee728b)
Start importing Assets/YughuesFreeMetalMaterials/Materials/Textures/T_18_Normal.tga using Guid(c902dc60be5856949909aacd8d22ccea) Importer(815301076,1909f56bfc062723c751e8b465ee728b)  -> (artifact id: '0be98c736a1ec1bc3d89577d13c4f685') in 0.017024 seconds 
  Import took 0.020005 seconds .

========================================================================
Received Import Request.
  Time since last request: 0.000303 seconds.
  path: Assets/YughuesFreeMetalMaterials/Materials/Textures/T_20_Specular.tga
  artifactKey: Guid(bb501974d576ad945a07b28c3af045a9) Importer(815301076,1909f56bfc062723c751e8b465ee728b)
Start importing Assets/YughuesFreeMetalMaterials/Materials/Textures/T_20_Specular.tga using Guid(bb501974d576ad945a07b28c3af045a9) Importer(815301076,1909f56bfc062723c751e8b465ee728b)  -> (artifact id: 'aab6a12e5cda37acd995d8686a2a835b') in 0.015970 seconds 
  Import took 0.019125 seconds .

========================================================================
Received Import Request.
  Time since last request: 0.000273 seconds.
  path: Assets/YughuesFreeMetalMaterials/Materials/Textures/T_18_Diffuse.tga
  artifactKey: Guid(593ec409626273b4fafae09440a512d5) Importer(815301076,1909f56bfc062723c751e8b465ee728b)
Start importing Assets/YughuesFreeMetalMaterials/Materials/Textures/T_18_Diffuse.tga using Guid(593ec409626273b4fafae09440a512d5) Importer(815301076,1909f56bfc062723c751e8b465ee728b)  -> (artifact id: 'fd03d8b82519fbb85391c30c274aa2cc') in 0.015548 seconds 
  Import took 0.018441 seconds .

========================================================================
Received Import Request.
  Time since last request: 0.000364 seconds.
  path: Assets/YughuesFreeMetalMaterials/Materials/Textures/T_20_Diffuse.tga
  artifactKey: Guid(87c733e12f51e524d919526b301155bd) Importer(815301076,1909f56bfc062723c751e8b465ee728b)
Start importing Assets/YughuesFreeMetalMaterials/Materials/Textures/T_20_Diffuse.tga using Guid(87c733e12f51e524d919526b301155bd) Importer(815301076,1909f56bfc062723c751e8b465ee728b)  -> (artifact id: '6e4de42dba53b674036194200bb976ac') in 0.015273 seconds 
  Import took 0.018209 seconds .

========================================================================
Received Import Request.
  Time since last request: 0.000329 seconds.
  path: Assets/YughuesFreeMetalMaterials/Materials/Textures/T_17_Normal.tga
  artifactKey: Guid(2fdef62fbe345cc4daad91030f54a2d9) Importer(815301076,1909f56bfc062723c751e8b465ee728b)
Start importing Assets/YughuesFreeMetalMaterials/Materials/Textures/T_17_Normal.tga using Guid(2fdef62fbe345cc4daad91030f54a2d9) Importer(815301076,1909f56bfc062723c751e8b465ee728b)  -> (artifact id: 'a35ea5a60296f8ef4aa6e82ad6215834') in 0.016618 seconds 
  Import took 0.019507 seconds .

========================================================================
Received Import Request.
  Time since last request: 0.000347 seconds.
  path: Assets/YughuesFreeMetalMaterials/Materials/Textures/T_19_Specular.tga
  artifactKey: Guid(edad444768045b242afcceaa7d352ffb) Importer(815301076,1909f56bfc062723c751e8b465ee728b)
Start importing Assets/YughuesFreeMetalMaterials/Materials/Textures/T_19_Specular.tga using Guid(edad444768045b242afcceaa7d352ffb) Importer(815301076,1909f56bfc062723c751e8b465ee728b)  -> (artifact id: '776691c78e451574d41aa9dae6bd17d6') in 0.016823 seconds 
  Import took 0.019782 seconds .

========================================================================
Received Import Request.
  Time since last request: 0.000336 seconds.
  path: Assets/YughuesFreeMetalMaterials/Materials/Textures/T_18_Specular.tga
  artifactKey: Guid(7ff2b9825ec83cf4e9225113a0b09455) Importer(815301076,1909f56bfc062723c751e8b465ee728b)
Start importing Assets/YughuesFreeMetalMaterials/Materials/Textures/T_18_Specular.tga using Guid(7ff2b9825ec83cf4e9225113a0b09455) Importer(815301076,1909f56bfc062723c751e8b465ee728b)  -> (artifact id: 'a3d51c41e1f13d59dc034d8b156cd322') in 0.015046 seconds 
  Import took 0.017997 seconds .

========================================================================
Received Import Request.
  Time since last request: 0.000283 seconds.
  path: Assets/YughuesFreeMetalMaterials/Materials/Textures/T_17_Diffuse.tga
  artifactKey: Guid(f6061b0c042df0b40978226fa22c5697) Importer(815301076,1909f56bfc062723c751e8b465ee728b)
Start importing Assets/YughuesFreeMetalMaterials/Materials/Textures/T_17_Diffuse.tga using Guid(f6061b0c042df0b40978226fa22c5697) Importer(815301076,1909f56bfc062723c751e8b465ee728b)  -> (artifact id: 'fd2e72d1684934b2eccff8dce76fce17') in 0.016124 seconds 
  Import took 0.019114 seconds .

========================================================================
Received Import Request.
  Time since last request: 0.000402 seconds.
  path: Assets/YughuesFreeMetalMaterials/Materials/Textures/T_21_Diffuse.tga
  artifactKey: Guid(65c44c9418dce2e4e966f8fb196d64db) Importer(815301076,1909f56bfc062723c751e8b465ee728b)
Start importing Assets/YughuesFreeMetalMaterials/Materials/Textures/T_21_Diffuse.tga using Guid(65c44c9418dce2e4e966f8fb196d64db) Importer(815301076,1909f56bfc062723c751e8b465ee728b)  -> (artifact id: '0247637520fa37e1c8357d1b9ea87b09') in 0.014718 seconds 
  Import took 0.017467 seconds .

========================================================================
Received Import Request.
  Time since last request: 0.000325 seconds.
  path: Assets/YughuesFreeMetalMaterials/Materials/Textures/T_19_Normal.tga
  artifactKey: Guid(22687ef8e4927174589eb342f9d40cd0) Importer(815301076,1909f56bfc062723c751e8b465ee728b)
Start importing Assets/YughuesFreeMetalMaterials/Materials/Textures/T_19_Normal.tga using Guid(22687ef8e4927174589eb342f9d40cd0) Importer(815301076,1909f56bfc062723c751e8b465ee728b)  -> (artifact id: 'd9a7f1aec048e91a1517d52d78b8803f') in 0.015315 seconds 
  Import took 0.018045 seconds .

========================================================================
Received Import Request.
  Time since last request: 0.000364 seconds.
  path: Assets/YughuesFreeMetalMaterials/Materials/Textures/T_14_Diffuse.tga
  artifactKey: Guid(02a6951378ca77e4fbd84055b67af8ca) Importer(815301076,1909f56bfc062723c751e8b465ee728b)
Start importing Assets/YughuesFreeMetalMaterials/Materials/Textures/T_14_Diffuse.tga using Guid(02a6951378ca77e4fbd84055b67af8ca) Importer(815301076,1909f56bfc062723c751e8b465ee728b)  -> (artifact id: '73692a17ebdcdf1212ee50d506078f7f') in 0.014681 seconds 
  Import took 0.017289 seconds .

========================================================================
Received Import Request.
  Time since last request: 0.000337 seconds.
  path: Assets/YughuesFreeMetalMaterials/Materials/Textures/T_13_Normal.tga
  artifactKey: Guid(85f9003fe1dd73a42a65527724405180) Importer(815301076,1909f56bfc062723c751e8b465ee728b)
Start importing Assets/YughuesFreeMetalMaterials/Materials/Textures/T_13_Normal.tga using Guid(85f9003fe1dd73a42a65527724405180) Importer(815301076,1909f56bfc062723c751e8b465ee728b)  -> (artifact id: '6ed3ecf69d52f9ab5281170785f3c9bf') in 0.014701 seconds 
  Import took 0.017430 seconds .

========================================================================
Received Import Request.
  Time since last request: 10.217404 seconds.
  path: Assets/YughuesFreeMetalMaterials/Materials/Textures/T_21_Specular.tga
  artifactKey: Guid(c979550daad02764d983ba90e592ad9d) Importer(815301076,1909f56bfc062723c751e8b465ee728b)
Start importing Assets/YughuesFreeMetalMaterials/Materials/Textures/T_21_Specular.tga using Guid(c979550daad02764d983ba90e592ad9d) Importer(815301076,1909f56bfc062723c751e8b465ee728b)  -> (artifact id: 'c7d23eeafac0e4c8593aad61adaf85c0') in 0.021310 seconds 
  Import took 0.026461 seconds .

========================================================================
Received Import Request.
  Time since last request: 0.000379 seconds.
  path: Assets/YughuesFreeMetalMaterials/Materials/Textures/T_22_Diffuse.tga
  artifactKey: Guid(445cb47871abfa0459e87e16500c10c7) Importer(815301076,1909f56bfc062723c751e8b465ee728b)
Start importing Assets/YughuesFreeMetalMaterials/Materials/Textures/T_22_Diffuse.tga using Guid(445cb47871abfa0459e87e16500c10c7) Importer(815301076,1909f56bfc062723c751e8b465ee728b)  -> (artifact id: 'c438c3f5f6f96b7f381a533e9884bd52') in 0.017018 seconds 
  Import took 0.019828 seconds .

========================================================================
Received Import Request.
  Time since last request: 0.029830 seconds.
  path: Assets/YughuesFreeMetalMaterials/Materials/Textures/T_22_Normal.tga
  artifactKey: Guid(7bf14af4662458044a096632566cf50a) Importer(815301076,1909f56bfc062723c751e8b465ee728b)
Start importing Assets/YughuesFreeMetalMaterials/Materials/Textures/T_22_Normal.tga using Guid(7bf14af4662458044a096632566cf50a) Importer(815301076,1909f56bfc062723c751e8b465ee728b)  -> (artifact id: '86a04ed958f435ce027c0a059d973a67') in 0.015622 seconds 
  Import took 0.018739 seconds .

========================================================================
Received Import Request.
  Time since last request: 0.000434 seconds.
  path: Assets/YughuesFreeMetalMaterials/Materials/Textures/T_22_Specular.tga
  artifactKey: Guid(15e885e03e6987540a13c5f25e1e7f4b) Importer(815301076,1909f56bfc062723c751e8b465ee728b)
Start importing Assets/YughuesFreeMetalMaterials/Materials/Textures/T_22_Specular.tga using Guid(15e885e03e6987540a13c5f25e1e7f4b) Importer(815301076,1909f56bfc062723c751e8b465ee728b)  -> (artifact id: '3d2afca135b32a57170503cbd8fb8a8f') in 0.016386 seconds 
  Import took 0.019480 seconds .

========================================================================
Received Import Request.
  Time since last request: 0.000334 seconds.
  path: Assets/YughuesFreeMetalMaterials/Materials/Textures/T_23_Diffuse.tga
  artifactKey: Guid(8413ed1331ead2d45ade40523232bc0f) Importer(815301076,1909f56bfc062723c751e8b465ee728b)
Start importing Assets/YughuesFreeMetalMaterials/Materials/Textures/T_23_Diffuse.tga using Guid(8413ed1331ead2d45ade40523232bc0f) Importer(815301076,1909f56bfc062723c751e8b465ee728b)  -> (artifact id: 'ee645984b77e568d2f62d8eb8bd8cd79') in 0.018279 seconds 
  Import took 0.021206 seconds .

========================================================================
Received Import Request.
  Time since last request: 0.000327 seconds.
  path: Assets/YughuesFreeMetalMaterials/Materials/Textures/T_23_Normal.tga
  artifactKey: Guid(1fb10c5603038a24abb2ccad745574c6) Importer(815301076,1909f56bfc062723c751e8b465ee728b)
Start importing Assets/YughuesFreeMetalMaterials/Materials/Textures/T_23_Normal.tga using Guid(1fb10c5603038a24abb2ccad745574c6) Importer(815301076,1909f56bfc062723c751e8b465ee728b)  -> (artifact id: '2bdb1f8806c50952923308f451c75ba9') in 0.016720 seconds 
  Import took 0.019592 seconds .

========================================================================
Received Prepare
Registering precompiled user dll's ...
Registered in 0.010808 seconds.
Begin MonoManager ReloadAssembly
Native extension for WindowsStandalone target not found
Refreshing native plugins compatible for Editor in 0.43 ms, found 2 plugins.
Preloading 0 native plugins for Editor in 0.00 ms.
Mono: successfully reloaded assembly
- Completed reload, in  1.366 seconds
Domain Reload Profiling:
	ReloadAssembly (1366ms)
		BeginReloadAssembly (176ms)
			ExecutionOrderSort (0ms)
			DisableScriptedObjects (5ms)
			BackupInstance (0ms)
			ReleaseScriptingObjects (0ms)
			CreateAndSetChildDomain (38ms)
		EndReloadAssembly (1093ms)
			LoadAssemblies (157ms)
			RebuildTransferFunctionScriptingTraits (0ms)
			SetupTypeCache (407ms)
			ReleaseScriptCaches (1ms)
			RebuildScriptCaches (48ms)
			SetupLoadedEditorAssemblies (389ms)
				LogAssemblyErrors (0ms)
				InitializePlatformSupportModulesInManaged (6ms)
				SetLoadedEditorAssemblies (1ms)
				RefreshPlugins (1ms)
				BeforeProcessingInitializeOnLoad (78ms)
				ProcessInitializeOnLoadAttributes (271ms)
				ProcessInitializeOnLoadMethodAttributes (12ms)
				AfterProcessingInitializeOnLoad (20ms)
				EditorAssembliesLoaded (0ms)
			ExecutionOrderSort2 (0ms)
			AwakeInstancesAfterBackupRestoration (8ms)
Platform modules already initialized, skipping
Refreshing native plugins compatible for Editor in 0.43 ms, found 2 plugins.
Preloading 0 native plugins for Editor in 0.00 ms.
Unloading 1497 Unused Serialized files (Serialized files now loaded: 0)
System memory in use before: 72.6 MB.
System memory in use after: 72.7 MB.

Unloading 15 unused Assets to reduce memory usage. Loaded Objects now: 2001.
Total: 3.036400 ms (FindLiveObjects: 0.165800 ms CreateObjectMapping: 0.102500 ms MarkObjects: 2.744600 ms  DeleteObjects: 0.022400 ms)

AssetImportParameters requested are different than current active one (requested -> active):
  custom:framework-win-MediaFoundation: 216162199b28c13a410421893ffa2e32 -> 
  custom:video-decoder-ogg-theora: a1e56fd34408186e4bbccfd4996cb3dc -> 
  custom:container-muxer-webm: aa71ff27fc2769a1b78a27578f13a17b -> 
  custom:container-demuxer-webm: 4f35f7cbe854078d1ac9338744f61a02 -> 
  custom:container-demuxer-ogg: 62fdf1f143b41e24485cea50d1cbac27 -> 
  custom:video-encoder-webm-vp8: eb34c28f22e8b96e1ab97ce403110664 -> 
  custom:video-decoder-webm-vp8: 9c59270c3fd7afecdb556c50c9e8de78 -> 
  custom:audio-decoder-ogg-vorbis: bf7c407c2cedff20999df2af8eb42d56 -> 
  custom:audio-encoder-webm-vorbis: bf7c407c2cedff20999df2af8eb42d56 -> 
========================================================================
Received Import Request.
  Time since last request: 848.074150 seconds.
  path: Assets/03.prefabs/Wall.prefab
  artifactKey: Guid(d6bd199204537924f9c992b05512f2c0) Importer(815301076,1909f56bfc062723c751e8b465ee728b)
Start importing Assets/03.prefabs/Wall.prefab using Guid(d6bd199204537924f9c992b05512f2c0) Importer(815301076,1909f56bfc062723c751e8b465ee728b)  -> (artifact id: '260875b82dea6839104e6c34f6b85a33') in 0.082481 seconds 
  Import took 0.085904 seconds .

========================================================================
Received Import Request.
  Time since last request: 230.968076 seconds.
  path: Assets/YughuesFreeMetalMaterials/Materials/M_YFMM_46.mat
  artifactKey: Guid(4284e0aad15d6b64d86768e51640a3aa) Importer(815301076,1909f56bfc062723c751e8b465ee728b)
Start importing Assets/YughuesFreeMetalMaterials/Materials/M_YFMM_46.mat using Guid(4284e0aad15d6b64d86768e51640a3aa) Importer(815301076,1909f56bfc062723c751e8b465ee728b)  -> (artifact id: '26437f1f4c68d977bb870de6842534bd') in 0.062485 seconds 
  Import took 0.066033 seconds .

========================================================================
Received Import Request.
  Time since last request: 0.000341 seconds.
  path: Assets/YughuesFreeMetalMaterials/Materials/M_YFMM_48.mat
  artifactKey: Guid(a7a35a310f4bf234099e346d4c063b79) Importer(815301076,1909f56bfc062723c751e8b465ee728b)
Start importing Assets/YughuesFreeMetalMaterials/Materials/M_YFMM_48.mat using Guid(a7a35a310f4bf234099e346d4c063b79) Importer(815301076,1909f56bfc062723c751e8b465ee728b)  -> (artifact id: '9b61374a6b8d84ceea97757da2adaf99') in 0.021413 seconds 
  Import took 0.024451 seconds .

========================================================================
Received Import Request.
  Time since last request: 0.000447 seconds.
  path: Assets/YughuesFreeMetalMaterials/Materials/M_YFMM_49.mat
  artifactKey: Guid(2e501b641f5503e4d9442eb5c3f96f74) Importer(815301076,1909f56bfc062723c751e8b465ee728b)
Start importing Assets/YughuesFreeMetalMaterials/Materials/M_YFMM_49.mat using Guid(2e501b641f5503e4d9442eb5c3f96f74) Importer(815301076,1909f56bfc062723c751e8b465ee728b)  -> (artifact id: '70154961dd03ed9bbdd924f674bb4a2c') in 0.022908 seconds 
  Import took 0.026111 seconds .

========================================================================
Received Import Request.
  Time since last request: 0.000339 seconds.
  path: Assets/YughuesFreeMetalMaterials/Materials/M_YFMM_50.mat
  artifactKey: Guid(7dc874c331998244eaa078e5d615a6dd) Importer(815301076,1909f56bfc062723c751e8b465ee728b)
Start importing Assets/YughuesFreeMetalMaterials/Materials/M_YFMM_50.mat using Guid(7dc874c331998244eaa078e5d615a6dd) Importer(815301076,1909f56bfc062723c751e8b465ee728b)  -> (artifact id: 'aa9dba50b75f921effc97e7a07d6b91a') in 0.021627 seconds 
  Import took 0.024504 seconds .

========================================================================
Received Import Request.
  Time since last request: 0.000295 seconds.
  path: Assets/YughuesFreeMetalMaterials/Materials/M_YFMM_47.mat
  artifactKey: Guid(7a453bae213a8b04b9e9f8adb81cc8be) Importer(815301076,1909f56bfc062723c751e8b465ee728b)
Start importing Assets/YughuesFreeMetalMaterials/Materials/M_YFMM_47.mat using Guid(7a453bae213a8b04b9e9f8adb81cc8be) Importer(815301076,1909f56bfc062723c751e8b465ee728b)  -> (artifact id: '301328636007fb1faf5e47d629aabdbe') in 0.022945 seconds 
  Import took 0.026422 seconds .

========================================================================
Received Import Request.
  Time since last request: 2.291629 seconds.
  path: Assets/03.prefabs/Wall.prefab
  artifactKey: Guid(d6bd199204537924f9c992b05512f2c0) Importer(815301076,1909f56bfc062723c751e8b465ee728b)
Start importing Assets/03.prefabs/Wall.prefab using Guid(d6bd199204537924f9c992b05512f2c0) Importer(815301076,1909f56bfc062723c751e8b465ee728b)  -> (artifact id: '9f0bbfff452df521994c415d70ac6b53') in 0.019869 seconds 
  Import took 0.023030 seconds .

========================================================================
Received Import Request.
  Time since last request: 22.113663 seconds.
  path: Assets/03.prefabs/Wall.prefab
  artifactKey: Guid(d6bd199204537924f9c992b05512f2c0) Importer(815301076,1909f56bfc062723c751e8b465ee728b)
Start importing Assets/03.prefabs/Wall.prefab using Guid(d6bd199204537924f9c992b05512f2c0) Importer(815301076,1909f56bfc062723c751e8b465ee728b)  -> (artifact id: '2372062fbf1e213ac24446939b7cb3e3') in 0.016087 seconds 
  Import took 0.019167 seconds .

========================================================================
Received Import Request.
  Time since last request: 398.544344 seconds.
  path: Assets/03.prefabs/Wall_Vertical Variant.prefab
  artifactKey: Guid(c3cbd94b5bb970a41974cf42459c70a0) Importer(815301076,1909f56bfc062723c751e8b465ee728b)
Start importing Assets/03.prefabs/Wall_Vertical Variant.prefab using Guid(c3cbd94b5bb970a41974cf42459c70a0) Importer(815301076,1909f56bfc062723c751e8b465ee728b)  -> (artifact id: '2a4387ce8abf4987bd07b5b020e24c9c') in 0.018497 seconds 
  Import took 0.021955 seconds .

========================================================================
Received Import Request.
  Time since last request: 22.808969 seconds.
  path: Assets/03.prefabs/Wall_Vertical.prefab
  artifactKey: Guid(7a984ea20a425424cbfd7957298b3fd4) Importer(815301076,1909f56bfc062723c751e8b465ee728b)
Start importing Assets/03.prefabs/Wall_Vertical.prefab using Guid(7a984ea20a425424cbfd7957298b3fd4) Importer(815301076,1909f56bfc062723c751e8b465ee728b)  -> (artifact id: 'd5ef75c28373ea3dab50fc0b3f6f93f8') in 0.016021 seconds 
  Import took 0.019094 seconds .

========================================================================
Received Import Request.
  Time since last request: 62.144560 seconds.
  path: Assets/03.prefabs/Wall_Vertical.prefab
  artifactKey: Guid(7a984ea20a425424cbfd7957298b3fd4) Importer(815301076,1909f56bfc062723c751e8b465ee728b)
Start importing Assets/03.prefabs/Wall_Vertical.prefab using Guid(7a984ea20a425424cbfd7957298b3fd4) Importer(815301076,1909f56bfc062723c751e8b465ee728b)  -> (artifact id: 'e136a2323e0b4227dc6bb395dcc90656') in 0.016108 seconds 
  Import took 0.019105 seconds .

========================================================================
Received Import Request.
  Time since last request: 191.342989 seconds.
  path: Assets/03.prefabs/Wall_Horizontal.prefab
  artifactKey: Guid(8ccad1351d5781743ad0ffcf8c8692a1) Importer(815301076,1909f56bfc062723c751e8b465ee728b)
Start importing Assets/03.prefabs/Wall_Horizontal.prefab using Guid(8ccad1351d5781743ad0ffcf8c8692a1) Importer(815301076,1909f56bfc062723c751e8b465ee728b)  -> (artifact id: '560c2934d39f17f5ec32ed89596168f9') in 0.017596 seconds 
  Import took 0.020700 seconds .

========================================================================
Received Import Request.
  Time since last request: 154.099234 seconds.
  path: Assets/SciFiWarriorPBRHPPolyart/Prefabs/PBRCharacter.prefab
  artifactKey: Guid(f432554f564e69242897607d34218939) Importer(815301076,1909f56bfc062723c751e8b465ee728b)
Start importing Assets/SciFiWarriorPBRHPPolyart/Prefabs/PBRCharacter.prefab using Guid(f432554f564e69242897607d34218939) Importer(815301076,1909f56bfc062723c751e8b465ee728b)  -> (artifact id: 'd52f15a6bd91c5982a9dc10f2328a69b') in 0.334244 seconds 
  Import took 0.341331 seconds .

========================================================================
Received Import Request.
  Time since last request: 52.246080 seconds.
  path: Assets/02.Script
  artifactKey: Guid(db181d7076e38b44bb4c6b0894018ab9) Importer(815301076,1909f56bfc062723c751e8b465ee728b)
Start importing Assets/02.Script using Guid(db181d7076e38b44bb4c6b0894018ab9) Importer(815301076,1909f56bfc062723c751e8b465ee728b)  -> (artifact id: 'c0401a94444e1ced3d4a71de339a96a2') in 0.012512 seconds 
  Import took 0.017490 seconds .

========================================================================
Received Import Request.
  Time since last request: 7.088122 seconds.
  path: Assets/02.Script/PlayerMove.cs
  artifactKey: Guid(e240ba30ac5ce614eab522fb1bfb9ff8) Importer(815301076,1909f56bfc062723c751e8b465ee728b)
Start importing Assets/02.Script/PlayerMove.cs using Guid(e240ba30ac5ce614eab522fb1bfb9ff8) Importer(815301076,1909f56bfc062723c751e8b465ee728b)  -> (artifact id: '4d42670a58eaf02a5cc304a7a9153b33') in 0.007790 seconds 
  Import took 0.010812 seconds .

========================================================================
Received Prepare
Registering precompiled user dll's ...
Registered in 0.011012 seconds.
Begin MonoManager ReloadAssembly
Native extension for WindowsStandalone target not found
Refreshing native plugins compatible for Editor in 0.42 ms, found 2 plugins.
Preloading 0 native plugins for Editor in 0.00 ms.
Mono: successfully reloaded assembly
- Completed reload, in  1.386 seconds
Domain Reload Profiling:
	ReloadAssembly (1386ms)
		BeginReloadAssembly (177ms)
			ExecutionOrderSort (0ms)
			DisableScriptedObjects (5ms)
			BackupInstance (0ms)
			ReleaseScriptingObjects (0ms)
			CreateAndSetChildDomain (34ms)
		EndReloadAssembly (1120ms)
			LoadAssemblies (158ms)
			RebuildTransferFunctionScriptingTraits (0ms)
			SetupTypeCache (392ms)
			ReleaseScriptCaches (1ms)
			RebuildScriptCaches (46ms)
			SetupLoadedEditorAssemblies (410ms)
				LogAssemblyErrors (0ms)
				InitializePlatformSupportModulesInManaged (6ms)
				SetLoadedEditorAssemblies (1ms)
				RefreshPlugins (0ms)
				BeforeProcessingInitializeOnLoad (74ms)
				ProcessInitializeOnLoadAttributes (294ms)
				ProcessInitializeOnLoadMethodAttributes (15ms)
				AfterProcessingInitializeOnLoad (20ms)
				EditorAssembliesLoaded (0ms)
			ExecutionOrderSort2 (0ms)
			AwakeInstancesAfterBackupRestoration (9ms)
Platform modules already initialized, skipping
Refreshing native plugins compatible for Editor in 0.43 ms, found 2 plugins.
Preloading 0 native plugins for Editor in 0.00 ms.
Unloading 1498 Unused Serialized files (Serialized files now loaded: 0)
System memory in use before: 86.6 MB.
System memory in use after: 86.7 MB.

Unloading 14 unused Assets to reduce memory usage. Loaded Objects now: 2008.
Total: 3.081500 ms (FindLiveObjects: 0.154700 ms CreateObjectMapping: 0.096400 ms MarkObjects: 2.804800 ms  DeleteObjects: 0.024700 ms)

AssetImportParameters requested are different than current active one (requested -> active):
  custom:framework-win-MediaFoundation: 216162199b28c13a410421893ffa2e32 -> 
  custom:video-decoder-ogg-theora: a1e56fd34408186e4bbccfd4996cb3dc -> 
  custom:container-muxer-webm: aa71ff27fc2769a1b78a27578f13a17b -> 
  custom:container-demuxer-webm: 4f35f7cbe854078d1ac9338744f61a02 -> 
  custom:container-demuxer-ogg: 62fdf1f143b41e24485cea50d1cbac27 -> 
  custom:video-encoder-webm-vp8: eb34c28f22e8b96e1ab97ce403110664 -> 
  custom:video-decoder-webm-vp8: 9c59270c3fd7afecdb556c50c9e8de78 -> 
  custom:audio-decoder-ogg-vorbis: bf7c407c2cedff20999df2af8eb42d56 -> 
  custom:audio-encoder-webm-vorbis: bf7c407c2cedff20999df2af8eb42d56 -> 
AssetImportWorkerClient::OnTransportError - code=2 error=End of file
